\BOOKMARK [1][-]{section.1}{Ada}{}% 1
\BOOKMARK [2][-]{subsection.1.1}{Influence}{section.1}% 2
\BOOKMARK [2][-]{subsection.1.2}{Hello World}{section.1}% 3
\BOOKMARK [1][-]{section.2}{Bash}{}% 4
\BOOKMARK [2][-]{subsection.2.1}{Influence}{section.2}% 5
\BOOKMARK [2][-]{subsection.2.2}{Hello World}{section.2}% 6
\BOOKMARK [1][-]{section.3}{C}{}% 7
\BOOKMARK [2][-]{subsection.3.1}{Influence}{section.3}% 8
\BOOKMARK [2][-]{subsection.3.2}{Hello World}{section.3}% 9
\BOOKMARK [2][-]{subsection.3.3}{Syntax}{section.3}% 10
\BOOKMARK [3][-]{subsubsection.3.3.1}{Basic Syntax}{subsection.3.3}% 11
\BOOKMARK [3][-]{subsubsection.3.3.2}{Data Types}{subsection.3.3}% 12
\BOOKMARK [1][-]{section.4}{C++}{}% 13
\BOOKMARK [2][-]{subsection.4.1}{Influence}{section.4}% 14
\BOOKMARK [2][-]{subsection.4.2}{Hello World}{section.4}% 15
\BOOKMARK [2][-]{subsection.4.3}{Syntax}{section.4}% 16
\BOOKMARK [1][-]{section.5}{C\043}{}% 17
\BOOKMARK [2][-]{subsection.5.1}{Influence}{section.5}% 18
\BOOKMARK [2][-]{subsection.5.2}{Hello World}{section.5}% 19
\BOOKMARK [1][-]{section.6}{Go}{}% 20
\BOOKMARK [2][-]{subsection.6.1}{Influence}{section.6}% 21
\BOOKMARK [1][-]{section.7}{Java}{}% 22
\BOOKMARK [2][-]{subsection.7.1}{Influence}{section.7}% 23
\BOOKMARK [1][-]{section.8}{JavaScript}{}% 24
\BOOKMARK [2][-]{subsection.8.1}{Influence}{section.8}% 25
\BOOKMARK [1][-]{section.9}{Lisp}{}% 26
\BOOKMARK [2][-]{subsection.9.1}{Influence}{section.9}% 27
\BOOKMARK [1][-]{section.10}{Lua}{}% 28
\BOOKMARK [2][-]{subsection.10.1}{Influence}{section.10}% 29
\BOOKMARK [1][-]{section.11}{Perl}{}% 30
\BOOKMARK [2][-]{subsection.11.1}{Influence}{section.11}% 31
\BOOKMARK [1][-]{section.12}{Python 2}{}% 32
\BOOKMARK [2][-]{subsection.12.1}{Influence}{section.12}% 33
\BOOKMARK [1][-]{section.13}{Python 3}{}% 34
\BOOKMARK [2][-]{subsection.13.1}{Influence}{section.13}% 35
\BOOKMARK [1][-]{section.14}{R}{}% 36
\BOOKMARK [2][-]{subsection.14.1}{Influence}{section.14}% 37
\BOOKMARK [1][-]{section.15}{Ruby}{}% 38
\BOOKMARK [2][-]{subsection.15.1}{Influence}{section.15}% 39
\BOOKMARK [1][-]{section.16}{Rust}{}% 40
\BOOKMARK [2][-]{subsection.16.1}{Influence}{section.16}% 41
\BOOKMARK [1][-]{section.17}{Scala}{}% 42
\BOOKMARK [2][-]{subsection.17.1}{Influence}{section.17}% 43
