This is pdfTeX, Version 3.14159265-2.6-1.40.18 (TeX Live 2017/Debian) (preloaded format=pdflatex 2019.1.24)  14 MAR 2019 10:18
entering extended mode
 \write18 enabled.
 %&-line parsing enabled.
**main.tex
(./main.tex
LaTeX2e <2017-04-15>
Babel <3.18> and hyphenation patterns for 7 language(s) loaded.
(./armath.cls

LaTeX Warning: You have requested document class `armath',
               but the document class provides `amsart'.

Document Class: amsart 2015/03/04 v2.20.2
\linespacing=\dimen102
\normalparindent=\dimen103
\normaltopskip=\skip41
(/usr/share/texlive/texmf-dist/tex/latex/amsmath/amsmath.sty
Package: amsmath 2017/09/02 v2.17a AMS math features
\@mathmargin=\skip42

For additional information on amsmath, use the `?' option.
(/usr/share/texlive/texmf-dist/tex/latex/amsmath/amstext.sty
Package: amstext 2000/06/29 v2.01 AMS text

(/usr/share/texlive/texmf-dist/tex/latex/amsmath/amsgen.sty
File: amsgen.sty 1999/11/30 v2.0 generic functions
\@emptytoks=\toks14
\ex@=\dimen104
))
(/usr/share/texlive/texmf-dist/tex/latex/amsmath/amsbsy.sty
Package: amsbsy 1999/11/29 v1.2d Bold Symbols
\pmbraise@=\dimen105
)
(/usr/share/texlive/texmf-dist/tex/latex/amsmath/amsopn.sty
Package: amsopn 2016/03/08 v2.02 operator names
)
\inf@bad=\count79
LaTeX Info: Redefining \frac on input line 213.
\uproot@=\count80
\leftroot@=\count81
LaTeX Info: Redefining \overline on input line 375.
\classnum@=\count82
\DOTSCASE@=\count83
LaTeX Info: Redefining \ldots on input line 472.
LaTeX Info: Redefining \dots on input line 475.
LaTeX Info: Redefining \cdots on input line 596.
\Mathstrutbox@=\box26
\strutbox@=\box27
\big@size=\dimen106
LaTeX Font Info:    Redeclaring font encoding OML on input line 712.
LaTeX Font Info:    Redeclaring font encoding OMS on input line 713.
\macc@depth=\count84
\c@MaxMatrixCols=\count85
\dotsspace@=\muskip10
\c@parentequation=\count86
\dspbrk@lvl=\count87
\tag@help=\toks15
\row@=\count88
\column@=\count89
\maxfields@=\count90
\andhelp@=\toks16
\eqnshift@=\dimen107
\alignsep@=\dimen108
\tagshift@=\dimen109
\tagwidth@=\dimen110
\totwidth@=\dimen111
\lineht@=\dimen112
\@envbody=\toks17
\multlinegap=\skip43
\multlinetaggap=\skip44
\mathdisplay@stack=\toks18
LaTeX Info: Redefining \[ on input line 2817.
LaTeX Info: Redefining \] on input line 2818.
)
LaTeX Font Info:    Try loading font information for U+msa on input line 387.

(/usr/share/texlive/texmf-dist/tex/latex/amsfonts/umsa.fd
File: umsa.fd 2013/01/14 v3.01 AMS symbols A
)
(/usr/share/texlive/texmf-dist/tex/latex/amsfonts/amsfonts.sty
Package: amsfonts 2013/01/14 v3.01 Basic AMSFonts support
\symAMSa=\mathgroup4
\symAMSb=\mathgroup5
LaTeX Font Info:    Overwriting math alphabet `\mathfrak' in version `bold'
(Font)                  U/euf/m/n --> U/euf/b/n on input line 106.
)
\copyins=\insert199
\abstractbox=\box28
\listisep=\skip45
\c@part=\count91
\c@section=\count92
\c@subsection=\count93
\c@subsubsection=\count94
\c@paragraph=\count95
\c@subparagraph=\count96
\c@figure=\count97
\c@table=\count98
\abovecaptionskip=\skip46
\belowcaptionskip=\skip47
\captionindent=\dimen113
\thm@style=\toks19
\thm@bodyfont=\toks20
\thm@headfont=\toks21
\thm@notefont=\toks22
\thm@headpunct=\toks23
\thm@preskip=\skip48
\thm@postskip=\skip49
\thm@headsep=\skip50
\dth@everypar=\toks24
)
(/usr/share/texlive/texmf-dist/tex/latex/csquotes/csquotes.sty
Package: csquotes 2018/02/11 v5.2c context-sensitive quotations (JAW)

(/usr/share/texlive/texmf-dist/tex/latex/etoolbox/etoolbox.sty
Package: etoolbox 2018/02/11 v2.5e e-TeX tools for LaTeX (JAW)
\etb@tempcnta=\count99
)
(/usr/share/texlive/texmf-dist/tex/latex/graphics/keyval.sty
Package: keyval 2014/10/28 v1.15 key=value parser (DPC)
\KV@toks@=\toks25
)
\csq@reset=\count100
\csq@gtype=\count101
\csq@glevel=\count102
\csq@qlevel=\count103
\csq@maxlvl=\count104
\csq@tshold=\count105
\csq@ltx@everypar=\toks26

(/usr/share/texlive/texmf-dist/tex/latex/csquotes/csquotes.def
File: csquotes.def 2018/02/11 v5.2c csquotes generic definitions (JAW)
)
Package csquotes Info: Trying to load configuration file 'csquotes.cfg'...
Package csquotes Info: ... configuration file loaded successfully.

(/usr/share/texlive/texmf-dist/tex/latex/csquotes/csquotes.cfg
File: csquotes.cfg 
))
(/usr/share/texlive/texmf-dist/tex/latex/enumitem/enumitem.sty
Package: enumitem 2011/09/28 v3.5.2 Customized lists
\labelindent=\skip51
\enit@outerparindent=\dimen114
\enit@toks=\toks27
\enit@inbox=\box29
\enitdp@description=\count106
)
(/usr/share/texlive/texmf-dist/tex/latex/minted/minted.sty
Package: minted 2017/07/19 v2.5 Yet another Pygments shim for LaTeX

(/usr/share/texlive/texmf-dist/tex/latex/oberdiek/kvoptions.sty
Package: kvoptions 2016/05/16 v3.12 Key value format for package options (HO)

(/usr/share/texlive/texmf-dist/tex/generic/oberdiek/ltxcmds.sty
Package: ltxcmds 2016/05/16 v1.23 LaTeX kernel commands for general use (HO)
)
(/usr/share/texlive/texmf-dist/tex/generic/oberdiek/kvsetkeys.sty
Package: kvsetkeys 2016/05/16 v1.17 Key value parser (HO)

(/usr/share/texlive/texmf-dist/tex/generic/oberdiek/infwarerr.sty
Package: infwarerr 2016/05/16 v1.4 Providing info/warning/error messages (HO)
)
(/usr/share/texlive/texmf-dist/tex/generic/oberdiek/etexcmds.sty
Package: etexcmds 2016/05/16 v1.6 Avoid name clashes with e-TeX commands (HO)

(/usr/share/texlive/texmf-dist/tex/generic/oberdiek/ifluatex.sty
Package: ifluatex 2016/05/16 v1.4 Provides the ifluatex switch (HO)
Package ifluatex Info: LuaTeX not detected.
)
Package etexcmds Info: Could not find \expanded.
(etexcmds)             That can mean that you are not using pdfTeX 1.50 or
(etexcmds)             that some package has redefined \expanded.
(etexcmds)             In the latter case, load this package earlier.
)))
(/usr/share/texlive/texmf-dist/tex/latex/fvextra/fvextra.sty
Package: fvextra 2017/07/08 v1.3.1 fvextra - extensions and patches for fancyvr
b

(/usr/share/texlive/texmf-dist/tex/latex/base/ifthen.sty
Package: ifthen 2014/09/29 v1.1c Standard LaTeX ifthen package (DPC)
)
(/usr/share/texlive/texmf-dist/tex/latex/fancyvrb/fancyvrb.sty
Package: fancyvrb 2008/02/07

Style option: `fancyvrb' v2.7a, with DG/SPQR fixes, and firstline=lastline fix 
<2008/02/07> (tvz)
\FV@CodeLineNo=\count107
\FV@InFile=\read1
\FV@TabBox=\box30
\c@FancyVerbLine=\count108
\FV@StepNumber=\count109
\FV@OutFile=\write3
)
(/usr/share/texlive/texmf-dist/tex/latex/upquote/upquote.sty
Package: upquote 2012/04/19 v1.3 upright-quote and grave-accent glyphs in verba
tim
)
(/usr/share/texlive/texmf-dist/tex/latex/lineno/lineno.sty
Package: lineno 2005/11/02 line numbers on paragraphs v4.41
\linenopenalty=\count110
\output=\toks28
\linenoprevgraf=\count111
\linenumbersep=\dimen115
\linenumberwidth=\dimen116
\c@linenumber=\count112
\c@pagewiselinenumber=\count113
\c@LN@truepage=\count114
\c@internallinenumber=\count115
\c@internallinenumbers=\count116
\quotelinenumbersep=\dimen117
\bframerule=\dimen118
\bframesep=\dimen119
\bframebox=\box31


LaTeX Warning: Command \@parboxrestore  has changed.
               Check if current package is valid.

LaTeX Info: Redefining \\ on input line 3056.
)

Package fvextra Warning: csquotes should be loaded after fvextra, to avoid a wa
rning from the lineno package on input line 37.

\c@FV@TrueTabGroupLevel=\count117
\c@FV@TrueTabCounter=\count118
\FV@TabBox@Group=\box32
\FV@TmpLength=\skip52
\c@FV@HighlightLinesStart=\count119
\c@FV@HighlightLinesStop=\count120
\FV@LoopCount=\count121
\FV@NCharsBox=\box33
\FV@BreakIndent=\dimen120
\FV@BreakIndentNChars=\count122
\FV@BreakSymbolSepLeft=\dimen121
\FV@BreakSymbolSepLeftNChars=\count123
\FV@BreakSymbolSepRight=\dimen122
\FV@BreakSymbolSepRightNChars=\count124
\FV@BreakSymbolIndentLeft=\dimen123
\FV@BreakSymbolIndentLeftNChars=\count125
\FV@BreakSymbolIndentRight=\dimen124
\FV@BreakSymbolIndentRightNChars=\count126
\c@FancyVerbLineBreakLast=\count127
\FV@LineBox=\box34
\FV@LineIndentBox=\box35
) (/usr/share/texlive/texmf-dist/tex/latex/tools/calc.sty
Package: calc 2014/10/28 v4.3 Infix arithmetic (KKT,FJ)
\calc@Acount=\count128
\calc@Bcount=\count129
\calc@Adimen=\dimen125
\calc@Bdimen=\dimen126
\calc@Askip=\skip53
\calc@Bskip=\skip54
LaTeX Info: Redefining \setlength on input line 80.
LaTeX Info: Redefining \addtolength on input line 81.
\calc@Ccount=\count130
\calc@Cskip=\skip55
)
(/usr/share/texlive/texmf-dist/tex/latex/tools/shellesc.sty
Package: shellesc 2016/06/07 v0.02a unified shell escape interface for LaTeX
Package shellesc Info: Unrestricted shell escape enabled on input line 67.
)
(/usr/share/texlive/texmf-dist/tex/latex/ifplatform/ifplatform.sty
Package: ifplatform 2017/10/13 v0.4a Testing for the operating system

(/usr/share/texlive/texmf-dist/tex/generic/oberdiek/pdftexcmds.sty
Package: pdftexcmds 2018/01/21 v0.26 Utility functions of pdfTeX for LuaTeX (HO
)

(/usr/share/texlive/texmf-dist/tex/generic/oberdiek/ifpdf.sty
Package: ifpdf 2017/03/15 v3.2 Provides the ifpdf switch
)
Package pdftexcmds Info: LuaTeX not detected.
Package pdftexcmds Info: \pdf@primitive is available.
Package pdftexcmds Info: \pdf@ifprimitive is available.
Package pdftexcmds Info: \pdfdraftmode found.
)
(/usr/share/texlive/texmf-dist/tex/generic/oberdiek/catchfile.sty
Package: catchfile 2016/05/16 v1.7 Catch the contents of a file (HO)
)
runsystem(uname -s > "main.w18")...executed.

 (./main.w18)
runsystem(rm -- "main.w18")...executed.

) (/usr/share/texlive/texmf-dist/tex/generic/xstring/xstring.sty
(/usr/share/texlive/texmf-dist/tex/generic/xstring/xstring.tex
\@xs@message=\write4
\integerpart=\count131
\decimalpart=\count132
)
Package: xstring 2013/10/13  v1.7c  String manipulations (C Tellechea)
)
(/usr/share/texlive/texmf-dist/tex/latex/framed/framed.sty
Package: framed 2011/10/22 v 0.96: framed or shaded text with page breaks
\OuterFrameSep=\skip56
\fb@frw=\dimen127
\fb@frh=\dimen128
\FrameRule=\dimen129
\FrameSep=\dimen130
)
(/usr/share/texlive/texmf-dist/tex/latex/float/float.sty
Package: float 2001/11/08 v1.3d Float enhancements (AL)
\c@float@type=\count133
\float@exts=\toks29
\float@box=\box36
\@float@everytoks=\toks30
\@floatcapt=\box37
)
\minted@appexistsfile=\read2
\minted@bgbox=\box38
\minted@code=\write5
\c@minted@FancyVerbLineTemp=\count134
\c@minted@pygmentizecounter=\count135
\@float@every@listing=\toks31
\c@listing=\count136
)
runsystem(mkdir -p _minted-main)...executed.


(/usr/share/texlive/texmf-dist/tex/latex/tools/multicol.sty
Package: multicol 2017/04/11 v1.8q multicolumn formatting (FMi)
\c@tracingmulticols=\count137
\mult@box=\box39
\multicol@leftmargin=\dimen131
\c@unbalance=\count138
\c@collectmore=\count139
\doublecol@number=\count140
\multicoltolerance=\count141
\multicolpretolerance=\count142
\full@width=\dimen132
\page@free=\dimen133
\premulticols=\dimen134
\postmulticols=\dimen135
\multicolsep=\skip57
\multicolbaselineskip=\skip58
\partial@page=\box40
\last@line=\box41
\maxbalancingoverflow=\dimen136
\mult@rightbox=\box42
\mult@grightbox=\box43
\mult@gfirstbox=\box44
\mult@firstbox=\box45
\@tempa=\box46
\@tempa=\box47
\@tempa=\box48
\@tempa=\box49
\@tempa=\box50
\@tempa=\box51
\@tempa=\box52
\@tempa=\box53
\@tempa=\box54
\@tempa=\box55
\@tempa=\box56
\@tempa=\box57
\@tempa=\box58
\@tempa=\box59
\@tempa=\box60
\@tempa=\box61
\@tempa=\box62
\c@columnbadness=\count143
\c@finalcolumnbadness=\count144
\last@try=\dimen137
\multicolovershoot=\dimen138
\multicolundershoot=\dimen139
\mult@nat@firstbox=\box63
\colbreak@box=\box64
\mc@col@check@num=\count145
)
Package csquotes Info: Checking for multilingual support...
Package csquotes Info: ... none found.

(/usr/share/texlive/texmf-dist/tex/latex/xcolor/xcolor.sty
Package: xcolor 2016/05/11 v2.12 LaTeX color extensions (UK)

(/usr/share/texlive/texmf-dist/tex/latex/graphics-cfg/color.cfg
File: color.cfg 2016/01/02 v1.6 sample color configuration
)
Package xcolor Info: Driver file: pdftex.def on input line 225.

(/usr/share/texlive/texmf-dist/tex/latex/graphics-def/pdftex.def
File: pdftex.def 2018/01/08 v1.0l Graphics/color driver for pdftex
)
Package xcolor Info: Model `cmy' substituted by `cmy0' on input line 1348.
Package xcolor Info: Model `hsb' substituted by `rgb' on input line 1352.
Package xcolor Info: Model `RGB' extended on input line 1364.
Package xcolor Info: Model `HTML' substituted by `rgb' on input line 1366.
Package xcolor Info: Model `Hsb' substituted by `hsb' on input line 1367.
Package xcolor Info: Model `tHsb' substituted by `hsb' on input line 1368.
Package xcolor Info: Model `HSB' substituted by `hsb' on input line 1369.
Package xcolor Info: Model `Gray' substituted by `gray' on input line 1370.
Package xcolor Info: Model `wave' substituted by `hsb' on input line 1371.
)
runsystem(which pygmentize && touch main.aex)...executed.

runsystem(rm main.aex)...executed.

 (./main.aux)
\openout1 = `main.aux'.

LaTeX Font Info:    Checking defaults for OML/cmm/m/it on input line 16.
LaTeX Font Info:    ... okay on input line 16.
LaTeX Font Info:    Checking defaults for T1/cmr/m/n on input line 16.
LaTeX Font Info:    ... okay on input line 16.
LaTeX Font Info:    Checking defaults for OT1/cmr/m/n on input line 16.
LaTeX Font Info:    ... okay on input line 16.
LaTeX Font Info:    Checking defaults for OMS/cmsy/m/n on input line 16.
LaTeX Font Info:    ... okay on input line 16.
LaTeX Font Info:    Checking defaults for OMX/cmex/m/n on input line 16.
LaTeX Font Info:    ... okay on input line 16.
LaTeX Font Info:    Checking defaults for U/cmr/m/n on input line 16.
LaTeX Font Info:    ... okay on input line 16.
LaTeX Font Info:    Try loading font information for U+msa on input line 16.
(/usr/share/texlive/texmf-dist/tex/latex/amsfonts/umsa.fd
File: umsa.fd 2013/01/14 v3.01 AMS symbols A
)
LaTeX Font Info:    Try loading font information for U+msb on input line 16.

(/usr/share/texlive/texmf-dist/tex/latex/amsfonts/umsb.fd
File: umsb.fd 2013/01/14 v3.01 AMS symbols B
)
(/usr/share/texlive/texmf-dist/tex/context/base/mkii/supp-pdf.mkii
[Loading MPS to PDF converter (version 2006.09.02).]
\scratchcounter=\count146
\scratchdimen=\dimen140
\scratchbox=\box65
\nofMPsegments=\count147
\nofMParguments=\count148
\everyMPshowfont=\toks32
\MPscratchCnt=\count149
\MPscratchDim=\dimen141
\MPnumerator=\count150
\makeMPintoPDFobject=\count151
\everyMPtoPDFconversion=\toks33
) [1{/var/lib/texmf/fonts/map/pdftex/updmap/pdftex.map}]
\openout5 = `main.pyg'.


(./_minted-main/default-pyg-prefix.pygstyle) (./_minted-main/default.pygstyle)
(./_minted-main/6EF9AA8C5BA3356EC387AD031B5F84B4042D2615758B6C3F03C186B02CFC62B
2.pygtex
LaTeX Font Info:    Font shape `OT1/cmtt/bx/n' in size <10> not available
(Font)              Font shape `OT1/cmtt/m/n' tried instead on input line 2.
)
\openout5 = `main.pyg'.


(./_minted-main/3F80C1ECAA9E8645448E737C86CDE3AC042D2615758B6C3F03C186B02CFC62B
2.pygtex)
\openout5 = `main.pyg'.


(./_minted-main/1C2766C0203CA8489F178B9955964C54042D2615758B6C3F03C186B02CFC62B
2.pygtex)
\openout5 = `main.pyg'.


(./_minted-main/0F92C08458D44AEBC2CB419604BE833B042D2615758B6C3F03C186B02CFC62B
2.pygtex)
\openout5 = `main.pyg'.


(./_minted-main/F8FCEE9EEFA27C0F3CE2EE84A0FDA48D042D2615758B6C3F03C186B02CFC62B
2.pygtex)
\openout5 = `main.pyg'.


(./_minted-main/EDCB5B280A371D1FE22BF3489485E147042D2615758B6C3F03C186B02CFC62B
2.pygtex)
\openout5 = `main.pyg'.


(./_minted-main/40BC979FC51C312C66F13621C9C53E84042D2615758B6C3F03C186B02CFC62B
2.pygtex)
\openout5 = `main.pyg'.


(./_minted-main/D0781A20299A0AC7F2473649CF514ABC042D2615758B6C3F03C186B02CFC62B
2.pygtex)
\openout5 = `main.pyg'.


(./_minted-main/E2C6CBA4E6BE5115D12D35AA8BB4F224042D2615758B6C3F03C186B02CFC62B
2.pygtex)
\openout5 = `main.pyg'.


(./_minted-main/9057F0A25694333E78EEC69CDE859DD7042D2615758B6C3F03C186B02CFC62B
2.pygtex)
\openout5 = `main.pyg'.


(./_minted-main/1671D0753B03C7FBC317C20D885B3227042D2615758B6C3F03C186B02CFC62B
2.pygtex)
\openout5 = `main.pyg'.


(./_minted-main/6F719179E65EEAEB9318890FC0EB13B5042D2615758B6C3F03C186B02CFC62B
2.pygtex)
\openout5 = `main.pyg'.


(./_minted-main/EAA249AEDD7E6F8CE796544C9EED3F1A042D2615758B6C3F03C186B02CFC62B
2.pygtex)
\openout5 = `main.pyg'.


(./_minted-main/A6246BC34EE599876191C1B34F9A57CB042D2615758B6C3F03C186B02CFC62B
2.pygtex)
\openout5 = `main.pyg'.


(./_minted-main/F99445F44E73F33038E70857168FD2B6042D2615758B6C3F03C186B02CFC62B
2.pygtex)
\openout5 = `main.pyg'.


(./_minted-main/40CE32C380B9651EFC2DCC29999E62AC042D2615758B6C3F03C186B02CFC62B
2.pygtex)
\openout5 = `main.pyg'.


(./_minted-main/EDD460ED44EC31B27CFFADD2CB2F0DC4042D2615758B6C3F03C186B02CFC62B
2.pygtex)
\openout5 = `main.pyg'.


(./_minted-main/02FC4E7B0C34AF223DEAE62F2C0EE5FF042D2615758B6C3F03C186B02CFC62B
2.pygtex)
\openout5 = `main.pyg'.


(./_minted-main/AE972870C01B771A9357632EE95458AC042D2615758B6C3F03C186B02CFC62B
2.pygtex)
\openout5 = `main.pyg'.


(./_minted-main/8183AA57A23658EFE7BA7AEBE60816BC042D2615758B6C3F03C186B02CFC62B
2.pygtex)
\openout5 = `main.pyg'.


(./_minted-main/168CBB42AB38EED5E9DFB44BFF9F4BDA042D2615758B6C3F03C186B02CFC62B
2.pygtex)
\openout5 = `main.pyg'.


(./_minted-main/BDE633AEEB9D75717C66FBEDA3656DB0042D2615758B6C3F03C186B02CFC62B
2.pygtex)
\openout5 = `main.pyg'.


(./_minted-main/10D92702C6137EB3893F3453D27AC589042D2615758B6C3F03C186B02CFC62B
2.pygtex)
\openout5 = `main.pyg'.


(./_minted-main/897316929176464EBC9AD085F31E7284042D2615758B6C3F03C186B02CFC62B
2.pygtex) [2]
\openout5 = `main.pyg'.


(./_minted-main/8140DAE6FF4C7454D1860FDD5BCAEABE042D2615758B6C3F03C186B02CFC62B
2.pygtex)
\openout5 = `main.pyg'.


(./_minted-main/897316929176464EBC9AD085F31E7284042D2615758B6C3F03C186B02CFC62B
2.pygtex)
\openout5 = `main.pyg'.


(./_minted-main/EB844645E8E61DE0A4CF4B991E65E63E042D2615758B6C3F03C186B02CFC62B
2.pygtex) [3]
\openout5 = `main.pyg'.


(./_minted-main/EDCB5B280A371D1FE22BF3489485E147042D2615758B6C3F03C186B02CFC62B
2.pygtex)
\openout5 = `main.pyg'.


(./_minted-main/40BC979FC51C312C66F13621C9C53E84042D2615758B6C3F03C186B02CFC62B
2.pygtex) [4]
\openout5 = `main.pyg'.


(./_minted-main/6EF9AA8C5BA3356EC387AD031B5F84B4042D2615758B6C3F03C186B02CFC62B
2.pygtex)
\openout5 = `main.pyg'.


(./_minted-main/3B5D5C3712955042212316173CCF37BE042D2615758B6C3F03C186B02CFC62B
2.pygtex)
\openout5 = `main.pyg'.


(./_minted-main/3F80C1ECAA9E8645448E737C86CDE3AC042D2615758B6C3F03C186B02CFC62B
2.pygtex)
\openout5 = `main.pyg'.


(./_minted-main/B938B801A0BFBD5CA4825715039E7574042D2615758B6C3F03C186B02CFC62B
2.pygtex)
\openout5 = `main.pyg'.


(./_minted-main/1C2766C0203CA8489F178B9955964C54042D2615758B6C3F03C186B02CFC62B
2.pygtex)
\openout5 = `main.pyg'.


(./_minted-main/12F54A96F64443246930DA001CAFDA8B042D2615758B6C3F03C186B02CFC62B
2.pygtex)
\openout5 = `main.pyg'.


(./_minted-main/0F92C08458D44AEBC2CB419604BE833B042D2615758B6C3F03C186B02CFC62B
2.pygtex)
\openout5 = `main.pyg'.


(./_minted-main/C3BE117041A113540DEB0FF532B19543042D2615758B6C3F03C186B02CFC62B
2.pygtex)
\openout5 = `main.pyg'.


(./_minted-main/F8FCEE9EEFA27C0F3CE2EE84A0FDA48D042D2615758B6C3F03C186B02CFC62B
2.pygtex)
\openout5 = `main.pyg'.


(./_minted-main/C3BE117041A113540DEB0FF532B19543042D2615758B6C3F03C186B02CFC62B
2.pygtex)
\openout5 = `main.pyg'.


(./_minted-main/EDCB5B280A371D1FE22BF3489485E147042D2615758B6C3F03C186B02CFC62B
2.pygtex)
\openout5 = `main.pyg'.


(./_minted-main/F4D5D0C0671BE202BC241807C243E80B042D2615758B6C3F03C186B02CFC62B
2.pygtex)
\openout5 = `main.pyg'.


(./_minted-main/40BC979FC51C312C66F13621C9C53E84042D2615758B6C3F03C186B02CFC62B
2.pygtex)
\openout5 = `main.pyg'.


(./_minted-main/12F54A96F64443246930DA001CAFDA8B042D2615758B6C3F03C186B02CFC62B
2.pygtex)
\openout5 = `main.pyg'.


(./_minted-main/25F17A2E19FF9FC4758BDB848BAEA087042D2615758B6C3F03C186B02CFC62B
2.pygtex)
\openout5 = `main.pyg'.


(./_minted-main/0AF505A2D9EC2AC7731127CF7EDAD102042D2615758B6C3F03C186B02CFC62B
2.pygtex)
\openout5 = `main.pyg'.


(./_minted-main/645AEDC8A285FEF107AAA656BEF82788042D2615758B6C3F03C186B02CFC62B
2.pygtex)
\openout5 = `main.pyg'.


(./_minted-main/4329305644A1642A381C67571A50AED9042D2615758B6C3F03C186B02CFC62B
2.pygtex)
\openout5 = `main.pyg'.


(./_minted-main/B7D8BA899A0454C622B56EFF6483B501042D2615758B6C3F03C186B02CFC62B
2.pygtex)
\openout5 = `main.pyg'.


(./_minted-main/0E025AB76B689C84669145B3C55FA528042D2615758B6C3F03C186B02CFC62B
2.pygtex)
\openout5 = `main.pyg'.


(./_minted-main/CE1B7C1AB879E6F91AA51C9CFECEF8F2042D2615758B6C3F03C186B02CFC62B
2.pygtex)
\openout5 = `main.pyg'.


(./_minted-main/9500642B7ABE645CF3045133233B41DC042D2615758B6C3F03C186B02CFC62B
2.pygtex)
\openout5 = `main.pyg'.


(./_minted-main/C1F63AAC67AD0089C0EAD8AB91132E82042D2615758B6C3F03C186B02CFC62B
2.pygtex)
\openout5 = `main.pyg'.


(./_minted-main/D49DECE15A402D9FEDCA217A350ABA97042D2615758B6C3F03C186B02CFC62B
2.pygtex)
\openout5 = `main.pyg'.


(./_minted-main/C2E08FA19A2C42CFC88F2611FC24FF25042D2615758B6C3F03C186B02CFC62B
2.pygtex)
\openout5 = `main.pyg'.


(./_minted-main/1820D262FB26482207271F5D965E1B25042D2615758B6C3F03C186B02CFC62B
2.pygtex)
\openout5 = `main.pyg'.


(./_minted-main/5991713A3E84A2440F3E66D82C83C12C042D2615758B6C3F03C186B02CFC62B
2.pygtex)
\openout5 = `main.pyg'.


(./_minted-main/563F369B4829DB53572EC0F3D41E7899042D2615758B6C3F03C186B02CFC62B
2.pygtex)
\openout5 = `main.pyg'.


(./_minted-main/4CF40FF574C8B3B3199471642FB2EE65042D2615758B6C3F03C186B02CFC62B
2.pygtex)
\openout5 = `main.pyg'.


(./_minted-main/DCF91341EE4D0A27DD7F3CF4F8A4A8A9042D2615758B6C3F03C186B02CFC62B
2.pygtex)
\openout5 = `main.pyg'.


(./_minted-main/C88E78BF37346EB51B7A9F1D80E2A440042D2615758B6C3F03C186B02CFC62B
2.pygtex)
\openout5 = `main.pyg'.


(./_minted-main/6A9611E6DB41EC15518E9F9B747F420D042D2615758B6C3F03C186B02CFC62B
2.pygtex)
\openout5 = `main.pyg'.


(./_minted-main/E911432F68ED99E8CF3454698453C720042D2615758B6C3F03C186B02CFC62B
2.pygtex)
\openout5 = `main.pyg'.


(./_minted-main/B9D3A253E704D3A52C966C8009C85089042D2615758B6C3F03C186B02CFC62B
2.pygtex)
\openout5 = `main.pyg'.


(./_minted-main/39E79E0244FD32640B66871AE20F5DBF042D2615758B6C3F03C186B02CFC62B
2.pygtex)
\openout5 = `main.pyg'.


(./_minted-main/0186C257ACCE4943D205B88CF7267B9A042D2615758B6C3F03C186B02CFC62B
2.pygtex)
\openout5 = `main.pyg'.


(./_minted-main/A9DCF1B60445F33E1AA87E3E72D2B33A042D2615758B6C3F03C186B02CFC62B
2.pygtex)
\openout5 = `main.pyg'.


(./_minted-main/ED807677527AFD477517BB45CB3799F2042D2615758B6C3F03C186B02CFC62B
2.pygtex)
\openout5 = `main.pyg'.


(./_minted-main/7D1F7D1811E7D8375873AA013BAD930A042D2615758B6C3F03C186B02CFC62B
2.pygtex)
\openout5 = `main.pyg'.


(./_minted-main/BD4C1DC953466A6ABD1A7694B55E4C83042D2615758B6C3F03C186B02CFC62B
2.pygtex)
\openout5 = `main.pyg'.


(./_minted-main/861FD3DA7EFBC930A5C33EDD85970D60042D2615758B6C3F03C186B02CFC62B
2.pygtex)
\openout5 = `main.pyg'.


(./_minted-main/C087CAAC2AA79ED7E621C3CA32426399042D2615758B6C3F03C186B02CFC62B
2.pygtex)
\openout5 = `main.pyg'.


(./_minted-main/4DA5925101CE70FE709F38EAAD828314042D2615758B6C3F03C186B02CFC62B
2.pygtex)
\openout5 = `main.pyg'.


(./_minted-main/AABC09526D1CC80EA4F5457A2D22F67A042D2615758B6C3F03C186B02CFC62B
2.pygtex)
\openout5 = `main.pyg'.


(./_minted-main/120D7F3E68408BB9C5002B3A528AF783042D2615758B6C3F03C186B02CFC62B
2.pygtex)
\openout5 = `main.pyg'.


(./_minted-main/A31A58EFECE09F5030DD2E3C7E1C879A042D2615758B6C3F03C186B02CFC62B
2.pygtex)
\openout5 = `main.pyg'.


(./_minted-main/0BD0BE45573AE86028178A851E37FF06042D2615758B6C3F03C186B02CFC62B
2.pygtex)
\openout5 = `main.pyg'.


(./_minted-main/8EC6D95EA70B5479CA81CEE0A5E129DD042D2615758B6C3F03C186B02CFC62B
2.pygtex)
\openout5 = `main.pyg'.


(./_minted-main/F13E5391A3054E7237733821E852AF9B042D2615758B6C3F03C186B02CFC62B
2.pygtex)
\openout5 = `main.pyg'.


(./_minted-main/CED34AC7BC5D682279D2C1B80F2416A7042D2615758B6C3F03C186B02CFC62B
2.pygtex)
\openout5 = `main.pyg'.


(./_minted-main/BF8BECBB0DAE20D6E2FF06DE1D9582F0042D2615758B6C3F03C186B02CFC62B
2.pygtex)
\openout5 = `main.pyg'.


(./_minted-main/AEF99CE4ECD84593FA78A540AE1DD6E8042D2615758B6C3F03C186B02CFC62B
2.pygtex)
\openout5 = `main.pyg'.


(./_minted-main/89EBD532BFF07D045FE0257118F15865042D2615758B6C3F03C186B02CFC62B
2.pygtex)
\openout5 = `main.pyg'.


(./_minted-main/DC9F097FCDCF1D4812681CCDC85AB5F8042D2615758B6C3F03C186B02CFC62B
2.pygtex)
\openout5 = `main.pyg'.


(./_minted-main/0392DA322189B70B9D42BE684CECFAB3042D2615758B6C3F03C186B02CFC62B
2.pygtex)
\openout5 = `main.pyg'.


(./_minted-main/C385EAE72C0B9BCBC94513269AFE39BE042D2615758B6C3F03C186B02CFC62B
2.pygtex)
\openout5 = `main.pyg'.


(./_minted-main/A810F99B23F57E2946EB44AD14415506042D2615758B6C3F03C186B02CFC62B
2.pygtex)
\openout5 = `main.pyg'.


(./_minted-main/680D04E6148F1B706223852EB1103096042D2615758B6C3F03C186B02CFC62B
2.pygtex)
\openout5 = `main.pyg'.


(./_minted-main/DB1BB9D47B757C1FE3236B525B0A38DB042D2615758B6C3F03C186B02CFC62B
2.pygtex)
\openout5 = `main.pyg'.


(./_minted-main/8ED0E50C1B208A47994FBBE0D4319361042D2615758B6C3F03C186B02CFC62B
2.pygtex)
\openout5 = `main.pyg'.


(./_minted-main/F5D3E10E50992A9A390531701CEA205A042D2615758B6C3F03C186B02CFC62B
2.pygtex)
\openout5 = `main.pyg'.


(./_minted-main/817058E718F7509F8DF72EC97F42643A042D2615758B6C3F03C186B02CFC62B
2.pygtex)
\openout5 = `main.pyg'.


(./_minted-main/271887F6F272C08D1910336B1801702E042D2615758B6C3F03C186B02CFC62B
2.pygtex)
\openout5 = `main.pyg'.


(./_minted-main/174ADE0617CEA9C512BD75E9698C2E9B042D2615758B6C3F03C186B02CFC62B
2.pygtex)
\openout5 = `main.pyg'.


(./_minted-main/D1475ADC5C71EF984FE863FA62F3D01E042D2615758B6C3F03C186B02CFC62B
2.pygtex)
\openout5 = `main.pyg'.


(./_minted-main/38231D8B35D84A59C1F762B10CA8CAB8042D2615758B6C3F03C186B02CFC62B
2.pygtex)
\openout5 = `main.pyg'.


(./_minted-main/C2104C9C47737440F2F47FDDE53ED662042D2615758B6C3F03C186B02CFC62B
2.pygtex)
\openout5 = `main.pyg'.


(./_minted-main/7385E3F9C233613B54E15623A472A962042D2615758B6C3F03C186B02CFC62B
2.pygtex)
\openout5 = `main.pyg'.


(./_minted-main/856F2820D36DDA0FF8E06EC2361C10CB042D2615758B6C3F03C186B02CFC62B
2.pygtex)
\openout5 = `main.pyg'.


(./_minted-main/6F125210A76EFAECD9219F4A48569CD3042D2615758B6C3F03C186B02CFC62B
2.pygtex)
\openout5 = `main.pyg'.


(./_minted-main/A5931A54F88947067DF8AE5D079C9DBE042D2615758B6C3F03C186B02CFC62B
2.pygtex)
\openout5 = `main.pyg'.


(./_minted-main/69EE62B40652905BEC88E47262892B99042D2615758B6C3F03C186B02CFC62B
2.pygtex)
\openout5 = `main.pyg'.


(./_minted-main/95F696B73F0188F87D0F13442EB1B4D3042D2615758B6C3F03C186B02CFC62B
2.pygtex)
\openout5 = `main.pyg'.


(./_minted-main/BBE3584A69B3133E7968A88994FADD8E042D2615758B6C3F03C186B02CFC62B
2.pygtex)
\openout5 = `main.pyg'.


(./_minted-main/26ABAD7716E043534C0470E5EEDDCAEA042D2615758B6C3F03C186B02CFC62B
2.pygtex)
\openout5 = `main.pyg'.


(./_minted-main/F88D556BBEC6432EA4F6C83FDDB9A257042D2615758B6C3F03C186B02CFC62B
2.pygtex)
\openout5 = `main.pyg'.


(./_minted-main/A2E70959AF6A042641599F219EC54749042D2615758B6C3F03C186B02CFC62B
2.pygtex)
\openout5 = `main.pyg'.


(./_minted-main/42BB81BD475D1FD99FE14E6A78A2D10B042D2615758B6C3F03C186B02CFC62B
2.pygtex) [5]
\openout5 = `main.pyg'.


(./_minted-main/09E45B294521429126DACCFBDE202B81042D2615758B6C3F03C186B02CFC62B
2.pygtex)
\openout5 = `main.pyg'.


(./_minted-main/3D50ABFC47C897A2447A0CB6AF40DC30042D2615758B6C3F03C186B02CFC62B
2.pygtex)
\openout5 = `main.pyg'.


(./_minted-main/6F6119A82CC12AFCF39E2C262136938D042D2615758B6C3F03C186B02CFC62B
2.pygtex)
\openout5 = `main.pyg'.


(./_minted-main/16A9B537D4FE68781817CDE8B22F3088042D2615758B6C3F03C186B02CFC62B
2.pygtex)
\openout5 = `main.pyg'.


(./_minted-main/C6960DEE8058D772253AB8003C79951D042D2615758B6C3F03C186B02CFC62B
2.pygtex)
\openout5 = `main.pyg'.


(./_minted-main/54DAC1607718C62FAE0A3745CC6F3011042D2615758B6C3F03C186B02CFC62B
2.pygtex)
\openout5 = `main.pyg'.


(./_minted-main/7C370BB0213D3E35497B8674A8BE1918042D2615758B6C3F03C186B02CFC62B
2.pygtex)
\openout5 = `main.pyg'.


(./_minted-main/93D51BE5EF88DFFFB422A10FFAC98ECD042D2615758B6C3F03C186B02CFC62B
2.pygtex)
\openout5 = `main.pyg'.


(./_minted-main/EC91F57154563A699298382CAA799E98042D2615758B6C3F03C186B02CFC62B
2.pygtex)
\openout5 = `main.pyg'.


(./_minted-main/F6D70F45E130B9CF2892D4A80CB5D9E5042D2615758B6C3F03C186B02CFC62B
2.pygtex)
\openout5 = `main.pyg'.


(./_minted-main/F11BF7E10D8D299E18F9043E1984F57A042D2615758B6C3F03C186B02CFC62B
2.pygtex)
\openout5 = `main.pyg'.


(./_minted-main/A530F493841E742B530B1B5F53595592042D2615758B6C3F03C186B02CFC62B
2.pygtex)
\openout5 = `main.pyg'.


(./_minted-main/B074E18D0A0986CF6421BD4E77037F5E042D2615758B6C3F03C186B02CFC62B
2.pygtex)
\openout5 = `main.pyg'.


(./_minted-main/0FC128694962B96D8A25EDACFD0C1B9A042D2615758B6C3F03C186B02CFC62B
2.pygtex)
\openout5 = `main.pyg'.


(./_minted-main/094C4F4D641C5D19C59D97A56BDB597D042D2615758B6C3F03C186B02CFC62B
2.pygtex)
\openout5 = `main.pyg'.


(./_minted-main/EF91012DA5F4B04C74A7DE8932897F51042D2615758B6C3F03C186B02CFC62B
2.pygtex)
\openout5 = `main.pyg'.


(./_minted-main/97F06E16B1AF05462C329CBC19AE00C3042D2615758B6C3F03C186B02CFC62B
2.pygtex)
\openout5 = `main.pyg'.


(./_minted-main/5748D5F7074AFCFF8D8FD0415551F56F042D2615758B6C3F03C186B02CFC62B
2.pygtex)
\openout5 = `main.pyg'.


(./_minted-main/C99D6C526996126382B45CDF95A3A29C042D2615758B6C3F03C186B02CFC62B
2.pygtex)
\openout5 = `main.pyg'.


(./_minted-main/204EB333A5AF58C977C6EF9F8F38E98C042D2615758B6C3F03C186B02CFC62B
2.pygtex)
Overfull \hbox (40.7574pt too wide) in paragraph at lines 458--490
 [] 
 []

\openout5 = `main.pyg'.


(./_minted-main/5FB7617328CA90A29C5B5F1BC53C4EE2042D2615758B6C3F03C186B02CFC62B
2.pygtex)
\openout5 = `main.pyg'.


(./_minted-main/E52D90B057B250712A83BE22023F18F4042D2615758B6C3F03C186B02CFC62B
2.pygtex)
\openout5 = `main.pyg'.


(./_minted-main/A7079594262D2EE8BB88FE7CE599F818042D2615758B6C3F03C186B02CFC62B
2.pygtex)
\openout5 = `main.pyg'.


(./_minted-main/B2A486541730498DD126E9D458440CE8042D2615758B6C3F03C186B02CFC62B
2.pygtex)
\openout5 = `main.pyg'.


(./_minted-main/B406BEDF762A7BCBD1512D8E4DE839D3042D2615758B6C3F03C186B02CFC62B
2.pygtex)
\openout5 = `main.pyg'.


(./_minted-main/761A8055A1F3C42672AAAF00F55AF051042D2615758B6C3F03C186B02CFC62B
2.pygtex)
\openout5 = `main.pyg'.


(./_minted-main/1D5019176434D4F4FD9EB347C5A6D983042D2615758B6C3F03C186B02CFC62B
2.pygtex)
\openout5 = `main.pyg'.


(./_minted-main/42973FA5B2696B23AF739F73656C02B7042D2615758B6C3F03C186B02CFC62B
2.pygtex)
\openout5 = `main.pyg'.


(./_minted-main/172AB715AC322BB086C5F5779EFC119C042D2615758B6C3F03C186B02CFC62B
2.pygtex)
\openout5 = `main.pyg'.


(./_minted-main/D055161AE59AA73B046962EF93F604F0042D2615758B6C3F03C186B02CFC62B
2.pygtex)
\openout5 = `main.pyg'.


(./_minted-main/4C1731DC135C831ABC8835F1C33D049B042D2615758B6C3F03C186B02CFC62B
2.pygtex)
\openout5 = `main.pyg'.


(./_minted-main/3B2992C503F32D3599B3179745DD1DB4042D2615758B6C3F03C186B02CFC62B
2.pygtex)
\openout5 = `main.pyg'.


(./_minted-main/19BF32B8725EC794D434280902D78E18042D2615758B6C3F03C186B02CFC62B
2.pygtex)
\openout5 = `main.pyg'.


(./_minted-main/C8927C1F953E44B55F327010C444A2D8042D2615758B6C3F03C186B02CFC62B
2.pygtex)
\openout5 = `main.pyg'.


(./_minted-main/E7D05DF7A20EF007EE827401B1C272A1042D2615758B6C3F03C186B02CFC62B
2.pygtex)
\openout5 = `main.pyg'.


(./_minted-main/5CFF428B66D667252A181F10F022E794042D2615758B6C3F03C186B02CFC62B
2.pygtex)
\openout5 = `main.pyg'.


(./_minted-main/E0C2579C6E0F00B4296530D4AEAB6946042D2615758B6C3F03C186B02CFC62B
2.pygtex) [6]
\openout5 = `main.pyg'.


(./_minted-main/484A024BD66FBCE837223CD7C3C9AAD6042D2615758B6C3F03C186B02CFC62B
2.pygtex)
\openout5 = `main.pyg'.


(./_minted-main/2B5DFC80FE8C4B340756EC6CFB4B9D4C042D2615758B6C3F03C186B02CFC62B
2.pygtex)
\openout5 = `main.pyg'.


(./_minted-main/AEFD14001CCC1A2636C4B491F4093465042D2615758B6C3F03C186B02CFC62B
2.pygtex)
\openout5 = `main.pyg'.


(./_minted-main/FCE2A107008001A00E5F6BB59265622B042D2615758B6C3F03C186B02CFC62B
2.pygtex)
\openout5 = `main.pyg'.


(./_minted-main/C5696F6E08226A8D7FFF793CC0AF20DD042D2615758B6C3F03C186B02CFC62B
2.pygtex)
Overfull \hbox (10.02367pt too wide) in paragraph at lines 542--561
 [] 
 []

\openout5 = `main.pyg'.


(./_minted-main/7842933040FE211DABCC744273796423042D2615758B6C3F03C186B02CFC62B
2.pygtex)
\openout5 = `main.pyg'.


(./_minted-main/6855ADCBB183229D50471852801D2F93042D2615758B6C3F03C186B02CFC62B
2.pygtex)
\openout5 = `main.pyg'.


(./_minted-main/9988BCB5543739B7734D277F8F8FBDFC042D2615758B6C3F03C186B02CFC62B
2.pygtex)
\openout5 = `main.pyg'.


(./_minted-main/A017F43D17BBA6F32F90A4C86E8055C7042D2615758B6C3F03C186B02CFC62B
2.pygtex)
\openout5 = `main.pyg'.


(./_minted-main/A7079594262D2EE8BB88FE7CE599F818042D2615758B6C3F03C186B02CFC62B
2.pygtex)
\openout5 = `main.pyg'.


(./_minted-main/9AA20AD2CE464D5CBA2A1DD9110082E1042D2615758B6C3F03C186B02CFC62B
2.pygtex)
\openout5 = `main.pyg'.


(./_minted-main/2DEBFDCF79F03E4A65A667D21EF9DE14042D2615758B6C3F03C186B02CFC62B
2.pygtex)
\openout5 = `main.pyg'.


(./_minted-main/C7AE6462D0C5EC146B24DECB30E35C08042D2615758B6C3F03C186B02CFC62B
2.pygtex)
\openout5 = `main.pyg'.


(./_minted-main/99F050DDCCEBD8F68BD43DEBDC04A01E042D2615758B6C3F03C186B02CFC62B
2.pygtex)
\openout5 = `main.pyg'.


(./_minted-main/3854C4C18C05B6B148221C5DE0A04A20042D2615758B6C3F03C186B02CFC62B
2.pygtex)
\openout5 = `main.pyg'.


(./_minted-main/4AF88895F4B38B0C5A6F1642AF0B2B25042D2615758B6C3F03C186B02CFC62B
2.pygtex)
\openout5 = `main.pyg'.


(./_minted-main/BCE3AA439C4E504F2E8FFA4E6D0D1DD7042D2615758B6C3F03C186B02CFC62B
2.pygtex)
\openout5 = `main.pyg'.


(./_minted-main/9A94428DD05A534F70BD5600B3340024042D2615758B6C3F03C186B02CFC62B
2.pygtex)
\openout5 = `main.pyg'.


(./_minted-main/9EAE84A0D3C1B1D4994FA840C1A78770042D2615758B6C3F03C186B02CFC62B
2.pygtex)
\openout5 = `main.pyg'.


(./_minted-main/974C72BADDFC2C78B5FEDF187893B208042D2615758B6C3F03C186B02CFC62B
2.pygtex)
\openout5 = `main.pyg'.


(./_minted-main/A552879753A4E6A1CE41F3A03A592DB0042D2615758B6C3F03C186B02CFC62B
2.pygtex)
\openout5 = `main.pyg'.


(./_minted-main/B773E9EFE8875F2C129EFB42EB4592DA042D2615758B6C3F03C186B02CFC62B
2.pygtex)
\openout5 = `main.pyg'.


(./_minted-main/2555261906E442B7FBA039054F9E12A5042D2615758B6C3F03C186B02CFC62B
2.pygtex)
\openout5 = `main.pyg'.


(./_minted-main/B8F9A836C508FD67C768DDF275B1412A042D2615758B6C3F03C186B02CFC62B
2.pygtex)
\openout5 = `main.pyg'.


(./_minted-main/9D4F3593C77BA7BF66EC121219C8231B042D2615758B6C3F03C186B02CFC62B
2.pygtex)
\openout5 = `main.pyg'.


(./_minted-main/78CB3C0E6A308A232175251C562511D6042D2615758B6C3F03C186B02CFC62B
2.pygtex)
\openout5 = `main.pyg'.


(./_minted-main/F70FB8FC6729325829AF1C6A8729FFDC042D2615758B6C3F03C186B02CFC62B
2.pygtex)
\openout5 = `main.pyg'.


(./_minted-main/E9EE29FDB2FD91644CBABC7582660A96042D2615758B6C3F03C186B02CFC62B
2.pygtex)
\openout5 = `main.pyg'.


(./_minted-main/35488B06CF53383FCA9C8EAA3C536DC7042D2615758B6C3F03C186B02CFC62B
2.pygtex)
\openout5 = `main.pyg'.


(./_minted-main/62ECA6281F1CD3E4744BFB9F8ECB93FD042D2615758B6C3F03C186B02CFC62B
2.pygtex)
\openout5 = `main.pyg'.


(./_minted-main/22763BF4281DDE24AD014DEFFC4DCB78042D2615758B6C3F03C186B02CFC62B
2.pygtex)
\openout5 = `main.pyg'.


(./_minted-main/4398100E25B73EFE562E23F1C166FF6C042D2615758B6C3F03C186B02CFC62B
2.pygtex)
\openout5 = `main.pyg'.


(./_minted-main/5916A736E363BB3AC06599BCBD6C0279042D2615758B6C3F03C186B02CFC62B
2.pygtex)
\openout5 = `main.pyg'.


(./_minted-main/5BB3C27DFC42A660B3BA5A45756D38F4042D2615758B6C3F03C186B02CFC62B
2.pygtex)
\openout5 = `main.pyg'.


(./_minted-main/85B13439A5E752A5248F7095FC21ECD5042D2615758B6C3F03C186B02CFC62B
2.pygtex) [7]
\openout5 = `main.pyg'.


(./_minted-main/09F11AE0C5E5B5539659FDEA259F71FD042D2615758B6C3F03C186B02CFC62B
2.pygtex)
\openout5 = `main.pyg'.


(./_minted-main/09F11AE0C5E5B5539659FDEA259F71FD042D2615758B6C3F03C186B02CFC62B
2.pygtex)
\openout5 = `main.pyg'.


(./_minted-main/67E863285F18439510B43FA772D5D1B6042D2615758B6C3F03C186B02CFC62B
2.pygtex)
\openout5 = `main.pyg'.


(./_minted-main/F46318F0854075D444255B7B4CE9FF11042D2615758B6C3F03C186B02CFC62B
2.pygtex)
\openout5 = `main.pyg'.


(./_minted-main/6855ADCBB183229D50471852801D2F93042D2615758B6C3F03C186B02CFC62B
2.pygtex)
\openout5 = `main.pyg'.


(./_minted-main/1772277E4A0B86B5360CC57428D4BAF9042D2615758B6C3F03C186B02CFC62B
2.pygtex)
\openout5 = `main.pyg'.


(./_minted-main/3E4FC13DA2CFB425B77918206E6A8AF4042D2615758B6C3F03C186B02CFC62B
2.pygtex)
\openout5 = `main.pyg'.


(./_minted-main/A8A3ECDC078DA3E46AA743C487110709042D2615758B6C3F03C186B02CFC62B
2.pygtex)
\openout5 = `main.pyg'.


(./_minted-main/7EF03F7162FBF4881E6B849EBC220840042D2615758B6C3F03C186B02CFC62B
2.pygtex)
\openout5 = `main.pyg'.


(./_minted-main/9988BCB5543739B7734D277F8F8FBDFC042D2615758B6C3F03C186B02CFC62B
2.pygtex)
\openout5 = `main.pyg'.


(./_minted-main/72BAA2D01B349B5F01D3C3E907CC56EA042D2615758B6C3F03C186B02CFC62B
2.pygtex)
\openout5 = `main.pyg'.


(./_minted-main/D00BE3BBAECA9A3DA6FE90BFB490B46D042D2615758B6C3F03C186B02CFC62B
2.pygtex)
\openout5 = `main.pyg'.


(./_minted-main/CA740248E1D65EDCAE7CE17CF1DCF93F042D2615758B6C3F03C186B02CFC62B
2.pygtex)
\openout5 = `main.pyg'.


(./_minted-main/B6446C2E10619545D3CAF8AF54985042042D2615758B6C3F03C186B02CFC62B
2.pygtex)
\openout5 = `main.pyg'.


(./_minted-main/02A2788EEAE0DAF4E3C64F8F9E323E59042D2615758B6C3F03C186B02CFC62B
2.pygtex)
\openout5 = `main.pyg'.


(./_minted-main/2FE9D464CB0F346359012648ABB89582042D2615758B6C3F03C186B02CFC62B
2.pygtex)
\openout5 = `main.pyg'.


(./_minted-main/9E278005F9B837A5DEA656C2DE5F9EB4042D2615758B6C3F03C186B02CFC62B
2.pygtex)
\openout5 = `main.pyg'.


(./_minted-main/C9479B607FA98665E86B8A9867261E79042D2615758B6C3F03C186B02CFC62B
2.pygtex)
\openout5 = `main.pyg'.


(./_minted-main/705E177CBD2A9D63B214533E2230D29E042D2615758B6C3F03C186B02CFC62B
2.pygtex)
\openout5 = `main.pyg'.


(./_minted-main/3E7016AB4240214FFA08A77D1E16866C042D2615758B6C3F03C186B02CFC62B
2.pygtex)
\openout5 = `main.pyg'.


(./_minted-main/894DD291A85A0ACC96BFB9EEBA5F97E7042D2615758B6C3F03C186B02CFC62B
2.pygtex)
\openout5 = `main.pyg'.


(./_minted-main/7508838D495CA8CF6528D15B3F0342B6042D2615758B6C3F03C186B02CFC62B
2.pygtex)
\openout5 = `main.pyg'.


(./_minted-main/FEA768B83183E2BFF849D4082741623E042D2615758B6C3F03C186B02CFC62B
2.pygtex)
\openout5 = `main.pyg'.


(./_minted-main/497D3906557BF61307BAD5B193A04DCB042D2615758B6C3F03C186B02CFC62B
2.pygtex)
\openout5 = `main.pyg'.


(./_minted-main/525C08FCF7544BE75D75B892466B4FDE042D2615758B6C3F03C186B02CFC62B
2.pygtex)
\openout5 = `main.pyg'.


(./_minted-main/A8BBBE5922DCE1401B2CB52400C089A9042D2615758B6C3F03C186B02CFC62B
2.pygtex)
\openout5 = `main.pyg'.


(./_minted-main/2A594C90227EF716F74DFB545AB40BA7042D2615758B6C3F03C186B02CFC62B
2.pygtex)
\openout5 = `main.pyg'.


(./_minted-main/76D73406422B71166C6542FD59849EF3042D2615758B6C3F03C186B02CFC62B
2.pygtex)
Overfull \hbox (1.97069pt too wide) in paragraph at lines 670--673
 \OT1/cmr/m/n/10 2.6.5.\OT1/cmr/m/it/10 Implementing Con-di-tional Branches wit
h Con-di-tional Con-trol.[] \OT1/cmr/m/n/10 The most gen-
 []

[8]
Overfull \hbox (2.47777pt too wide) in paragraph at lines 723--725
 \OT1/cmr/m/n/10 2.7.2.\OT1/cmr/m/it/10 Control Trans-fer.[] \OT1/cmr/m/n/10 Pa
ss-ing con-trol in-volves sim-ply set-ting the pro-gram counter
 []

\openout5 = `main.pyg'.


(./_minted-main/353A3C1DF73C9E1C2CAA2642C21B68E0042D2615758B6C3F03C186B02CFC62B
2.pygtex)
\openout5 = `main.pyg'.


(./_minted-main/353A3C1DF73C9E1C2CAA2642C21B68E0042D2615758B6C3F03C186B02CFC62B
2.pygtex)
\openout5 = `main.pyg'.


(./_minted-main/538BD7F4EAF11C81E8213E2207C750C5042D2615758B6C3F03C186B02CFC62B
2.pygtex)
\openout5 = `main.pyg'.


(./_minted-main/25F17A2E19FF9FC4758BDB848BAEA087042D2615758B6C3F03C186B02CFC62B
2.pygtex)
\openout5 = `main.pyg'.


(./_minted-main/B7D8BA899A0454C622B56EFF6483B501042D2615758B6C3F03C186B02CFC62B
2.pygtex)
\openout5 = `main.pyg'.


(./_minted-main/7D1F7D1811E7D8375873AA013BAD930A042D2615758B6C3F03C186B02CFC62B
2.pygtex)
\openout5 = `main.pyg'.


(./_minted-main/271887F6F272C08D1910336B1801702E042D2615758B6C3F03C186B02CFC62B
2.pygtex)
\openout5 = `main.pyg'.


(./_minted-main/26ABAD7716E043534C0470E5EEDDCAEA042D2615758B6C3F03C186B02CFC62B
2.pygtex) [9]
\openout5 = `main.pyg'.


(./_minted-main/987D303CFB345C0C2313E0B317A71D8B042D2615758B6C3F03C186B02CFC62B
2.pygtex)
\openout5 = `main.pyg'.


(./_minted-main/D2CD4AAF21EC908398737F330808A96D042D2615758B6C3F03C186B02CFC62B
2.pygtex)
\openout5 = `main.pyg'.


(./_minted-main/A59C7454298D67293080970E1168A133042D2615758B6C3F03C186B02CFC62B
2.pygtex) [10] (./main.aux)
runsystem(rm main.pyg)...executed.

 ) 
Here is how much of TeX's memory you used:
 7548 strings out of 494847
 176461 string characters out of 6179080
 302975 words of memory out of 5000000
 9990 multiletter control sequences out of 15000+600000
 9562 words of font info for 38 fonts, out of 8000000 for 9000
 220 hyphenation exceptions out of 8191
 37i,16n,35p,814b,448s stack positions out of 5000i,500n,10000p,200000b,80000s
</usr/share/texlive/texmf-dist/fonts/type1/public/amsfonts/cm/cmbx10.pfb></us
r/share/texlive/texmf-dist/fonts/type1/public/amsfonts/cm/cmcsc10.pfb></usr/sha
re/texlive/texmf-dist/fonts/type1/public/amsfonts/cm/cmex10.pfb></usr/share/tex
live/texmf-dist/fonts/type1/public/amsfonts/cm/cmmi10.pfb></usr/share/texlive/t
exmf-dist/fonts/type1/public/amsfonts/cm/cmmi7.pfb></usr/share/texlive/texmf-di
st/fonts/type1/public/amsfonts/cm/cmr10.pfb></usr/share/texlive/texmf-dist/font
s/type1/public/amsfonts/cm/cmr7.pfb></usr/share/texlive/texmf-dist/fonts/type1/
public/amsfonts/cm/cmr8.pfb></usr/share/texlive/texmf-dist/fonts/type1/public/a
msfonts/cm/cmsy10.pfb></usr/share/texlive/texmf-dist/fonts/type1/public/amsfont
s/cm/cmsy7.pfb></usr/share/texlive/texmf-dist/fonts/type1/public/amsfonts/cm/cm
ti10.pfb></usr/share/texlive/texmf-dist/fonts/type1/public/amsfonts/cm/cmtt10.p
fb>
Output written on main.pdf (10 pages, 187529 bytes).
PDF statistics:
 85 PDF objects out of 1000 (max. 8388607)
 60 compressed objects within 1 object stream
 0 named destinations out of 1000 (max. 500000)
 1 words of extra memory for PDF output out of 10000 (max. 10000000)

