This is pdfTeX, Version 3.14159265-2.6-1.40.18 (TeX Live 2017/Debian) (preloaded format=pdflatex 2019.1.24)  5 MAR 2019 08:35
entering extended mode
 \write18 enabled.
 %&-line parsing enabled.
**main.tex
(./main.tex
LaTeX2e <2017-04-15>
Babel <3.18> and hyphenation patterns for 7 language(s) loaded.
(/usr/share/texlive/texmf-dist/tex/latex/beamer/beamer.cls
Document Class: beamer 2018/02/20 v3.50 A class for typesetting presentations
(/usr/share/texlive/texmf-dist/tex/latex/beamer/beamerbasemodes.sty
(/usr/share/texlive/texmf-dist/tex/latex/etoolbox/etoolbox.sty
Package: etoolbox 2018/02/11 v2.5e e-TeX tools for LaTeX (JAW)
\etb@tempcnta=\count79
)
\beamer@tempbox=\box26
\beamer@tempcount=\count80
\c@beamerpauses=\count81

(/usr/share/texlive/texmf-dist/tex/latex/beamer/beamerbasedecode.sty
\beamer@slideinframe=\count82
\beamer@minimum=\count83
)
\beamer@commentbox=\box27
\beamer@modecount=\count84
)
(/usr/share/texlive/texmf-dist/tex/generic/oberdiek/ifpdf.sty
Package: ifpdf 2017/03/15 v3.2 Provides the ifpdf switch
)
\headdp=\dimen102
\footheight=\dimen103
\sidebarheight=\dimen104
\beamer@tempdim=\dimen105
\beamer@finalheight=\dimen106
\beamer@animht=\dimen107
\beamer@animdp=\dimen108
\beamer@animwd=\dimen109
\beamer@leftmargin=\dimen110
\beamer@rightmargin=\dimen111
\beamer@leftsidebar=\dimen112
\beamer@rightsidebar=\dimen113
\beamer@boxsize=\dimen114
\beamer@vboxoffset=\dimen115
\beamer@descdefault=\dimen116
\beamer@descriptionwidth=\dimen117
\beamer@lastskip=\skip41
\beamer@areabox=\box28
\beamer@animcurrent=\box29
\beamer@animshowbox=\box30
\beamer@sectionbox=\box31
\beamer@logobox=\box32
\beamer@linebox=\box33
\beamer@sectioncount=\count85
\beamer@subsubsectionmax=\count86
\beamer@subsectionmax=\count87
\beamer@sectionmax=\count88
\beamer@totalheads=\count89
\beamer@headcounter=\count90
\beamer@partstartpage=\count91
\beamer@sectionstartpage=\count92
\beamer@subsectionstartpage=\count93
\beamer@animationtempa=\count94
\beamer@animationtempb=\count95
\beamer@xpos=\count96
\beamer@ypos=\count97
\beamer@ypos@offset=\count98
\beamer@showpartnumber=\count99
\beamer@currentsubsection=\count100
\beamer@coveringdepth=\count101
\beamer@sectionadjust=\count102
\beamer@tocsectionnumber=\count103

(/usr/share/texlive/texmf-dist/tex/latex/beamer/beamerbaseoptions.sty
(/usr/share/texlive/texmf-dist/tex/latex/graphics/keyval.sty
Package: keyval 2014/10/28 v1.15 key=value parser (DPC)
\KV@toks@=\toks14
))
\beamer@paperwidth=\skip42
\beamer@paperheight=\skip43

(/usr/share/texlive/texmf-dist/tex/latex/geometry/geometry.sty
Package: geometry 2010/09/12 v5.6 Page Geometry

(/usr/share/texlive/texmf-dist/tex/generic/oberdiek/ifvtex.sty
Package: ifvtex 2016/05/16 v1.6 Detect VTeX and its facilities (HO)
Package ifvtex Info: VTeX not detected.
)
(/usr/share/texlive/texmf-dist/tex/generic/ifxetex/ifxetex.sty
Package: ifxetex 2010/09/12 v0.6 Provides ifxetex conditional
)
\Gm@cnth=\count104
\Gm@cntv=\count105
\c@Gm@tempcnt=\count106
\Gm@bindingoffset=\dimen118
\Gm@wd@mp=\dimen119
\Gm@odd@mp=\dimen120
\Gm@even@mp=\dimen121
\Gm@layoutwidth=\dimen122
\Gm@layoutheight=\dimen123
\Gm@layouthoffset=\dimen124
\Gm@layoutvoffset=\dimen125
\Gm@dimlist=\toks15
)
(/usr/share/texlive/texmf-dist/tex/latex/base/size11.clo
File: size11.clo 2014/09/29 v1.4h Standard LaTeX file (size option)
)
(/usr/share/texlive/texmf-dist/tex/latex/pgf/basiclayer/pgfcore.sty
(/usr/share/texlive/texmf-dist/tex/latex/graphics/graphicx.sty
Package: graphicx 2017/06/01 v1.1a Enhanced LaTeX Graphics (DPC,SPQR)

(/usr/share/texlive/texmf-dist/tex/latex/graphics/graphics.sty
Package: graphics 2017/06/25 v1.2c Standard LaTeX Graphics (DPC,SPQR)

(/usr/share/texlive/texmf-dist/tex/latex/graphics/trig.sty
Package: trig 2016/01/03 v1.10 sin cos tan (DPC)
)
(/usr/share/texlive/texmf-dist/tex/latex/graphics-cfg/graphics.cfg
File: graphics.cfg 2016/06/04 v1.11 sample graphics configuration
)
Package graphics Info: Driver file: pdftex.def on input line 99.

(/usr/share/texlive/texmf-dist/tex/latex/graphics-def/pdftex.def
File: pdftex.def 2018/01/08 v1.0l Graphics/color driver for pdftex
))
\Gin@req@height=\dimen126
\Gin@req@width=\dimen127
)
(/usr/share/texlive/texmf-dist/tex/latex/pgf/systemlayer/pgfsys.sty
(/usr/share/texlive/texmf-dist/tex/latex/pgf/utilities/pgfrcs.sty
(/usr/share/texlive/texmf-dist/tex/generic/pgf/utilities/pgfutil-common.tex
\pgfutil@everybye=\toks16
\pgfutil@tempdima=\dimen128
\pgfutil@tempdimb=\dimen129

(/usr/share/texlive/texmf-dist/tex/generic/pgf/utilities/pgfutil-common-lists.t
ex)) (/usr/share/texlive/texmf-dist/tex/generic/pgf/utilities/pgfutil-latex.def
\pgfutil@abb=\box34
(/usr/share/texlive/texmf-dist/tex/latex/ms/everyshi.sty
Package: everyshi 2001/05/15 v3.00 EveryShipout Package (MS)
))
(/usr/share/texlive/texmf-dist/tex/generic/pgf/utilities/pgfrcs.code.tex
Package: pgfrcs 2015/08/07 v3.0.1a (rcs-revision 1.31)
))
(/usr/share/texlive/texmf-dist/tex/generic/pgf/systemlayer/pgfsys.code.tex
Package: pgfsys 2014/07/09 v3.0.1a (rcs-revision 1.48)

(/usr/share/texlive/texmf-dist/tex/generic/pgf/utilities/pgfkeys.code.tex
\pgfkeys@pathtoks=\toks17
\pgfkeys@temptoks=\toks18

(/usr/share/texlive/texmf-dist/tex/generic/pgf/utilities/pgfkeysfiltered.code.t
ex
\pgfkeys@tmptoks=\toks19
))
\pgf@x=\dimen130
\pgf@y=\dimen131
\pgf@xa=\dimen132
\pgf@ya=\dimen133
\pgf@xb=\dimen134
\pgf@yb=\dimen135
\pgf@xc=\dimen136
\pgf@yc=\dimen137
\w@pgf@writea=\write3
\r@pgf@reada=\read1
\c@pgf@counta=\count107
\c@pgf@countb=\count108
\c@pgf@countc=\count109
\c@pgf@countd=\count110
\t@pgf@toka=\toks20
\t@pgf@tokb=\toks21
\t@pgf@tokc=\toks22
 (/usr/share/texlive/texmf-dist/tex/generic/pgf/systemlayer/pgf.cfg
File: pgf.cfg 2008/05/14  (rcs-revision 1.7)
)
Driver file for pgf: pgfsys-pdftex.def

(/usr/share/texlive/texmf-dist/tex/generic/pgf/systemlayer/pgfsys-pdftex.def
File: pgfsys-pdftex.def 2014/10/11  (rcs-revision 1.35)

(/usr/share/texlive/texmf-dist/tex/generic/pgf/systemlayer/pgfsys-common-pdf.de
f
File: pgfsys-common-pdf.def 2013/10/10  (rcs-revision 1.13)
)))
(/usr/share/texlive/texmf-dist/tex/generic/pgf/systemlayer/pgfsyssoftpath.code.
tex
File: pgfsyssoftpath.code.tex 2013/09/09  (rcs-revision 1.9)
\pgfsyssoftpath@smallbuffer@items=\count111
\pgfsyssoftpath@bigbuffer@items=\count112
)
(/usr/share/texlive/texmf-dist/tex/generic/pgf/systemlayer/pgfsysprotocol.code.
tex
File: pgfsysprotocol.code.tex 2006/10/16  (rcs-revision 1.4)
)) (/usr/share/texlive/texmf-dist/tex/latex/xcolor/xcolor.sty
Package: xcolor 2016/05/11 v2.12 LaTeX color extensions (UK)

(/usr/share/texlive/texmf-dist/tex/latex/graphics-cfg/color.cfg
File: color.cfg 2016/01/02 v1.6 sample color configuration
)
Package xcolor Info: Driver file: pdftex.def on input line 225.
Package xcolor Info: Model `cmy' substituted by `cmy0' on input line 1348.
Package xcolor Info: Model `hsb' substituted by `rgb' on input line 1352.
Package xcolor Info: Model `RGB' extended on input line 1364.
Package xcolor Info: Model `HTML' substituted by `rgb' on input line 1366.
Package xcolor Info: Model `Hsb' substituted by `hsb' on input line 1367.
Package xcolor Info: Model `tHsb' substituted by `hsb' on input line 1368.
Package xcolor Info: Model `HSB' substituted by `hsb' on input line 1369.
Package xcolor Info: Model `Gray' substituted by `gray' on input line 1370.
Package xcolor Info: Model `wave' substituted by `hsb' on input line 1371.
)
(/usr/share/texlive/texmf-dist/tex/generic/pgf/basiclayer/pgfcore.code.tex
Package: pgfcore 2010/04/11 v3.0.1a (rcs-revision 1.7)

(/usr/share/texlive/texmf-dist/tex/generic/pgf/math/pgfmath.code.tex
(/usr/share/texlive/texmf-dist/tex/generic/pgf/math/pgfmathcalc.code.tex
(/usr/share/texlive/texmf-dist/tex/generic/pgf/math/pgfmathutil.code.tex)
(/usr/share/texlive/texmf-dist/tex/generic/pgf/math/pgfmathparser.code.tex
\pgfmath@dimen=\dimen138
\pgfmath@count=\count113
\pgfmath@box=\box35
\pgfmath@toks=\toks23
\pgfmath@stack@operand=\toks24
\pgfmath@stack@operation=\toks25
)
(/usr/share/texlive/texmf-dist/tex/generic/pgf/math/pgfmathfunctions.code.tex
(/usr/share/texlive/texmf-dist/tex/generic/pgf/math/pgfmathfunctions.basic.code
.tex)
(/usr/share/texlive/texmf-dist/tex/generic/pgf/math/pgfmathfunctions.trigonomet
ric.code.tex)
(/usr/share/texlive/texmf-dist/tex/generic/pgf/math/pgfmathfunctions.random.cod
e.tex)
(/usr/share/texlive/texmf-dist/tex/generic/pgf/math/pgfmathfunctions.comparison
.code.tex)
(/usr/share/texlive/texmf-dist/tex/generic/pgf/math/pgfmathfunctions.base.code.
tex)
(/usr/share/texlive/texmf-dist/tex/generic/pgf/math/pgfmathfunctions.round.code
.tex)
(/usr/share/texlive/texmf-dist/tex/generic/pgf/math/pgfmathfunctions.misc.code.
tex)
(/usr/share/texlive/texmf-dist/tex/generic/pgf/math/pgfmathfunctions.integerari
thmetics.code.tex)))
(/usr/share/texlive/texmf-dist/tex/generic/pgf/math/pgfmathfloat.code.tex
\c@pgfmathroundto@lastzeros=\count114
))
(/usr/share/texlive/texmf-dist/tex/generic/pgf/basiclayer/pgfcorepoints.code.te
x
File: pgfcorepoints.code.tex 2013/10/07  (rcs-revision 1.27)
\pgf@picminx=\dimen139
\pgf@picmaxx=\dimen140
\pgf@picminy=\dimen141
\pgf@picmaxy=\dimen142
\pgf@pathminx=\dimen143
\pgf@pathmaxx=\dimen144
\pgf@pathminy=\dimen145
\pgf@pathmaxy=\dimen146
\pgf@xx=\dimen147
\pgf@xy=\dimen148
\pgf@yx=\dimen149
\pgf@yy=\dimen150
\pgf@zx=\dimen151
\pgf@zy=\dimen152
)
(/usr/share/texlive/texmf-dist/tex/generic/pgf/basiclayer/pgfcorepathconstruct.
code.tex
File: pgfcorepathconstruct.code.tex 2013/10/07  (rcs-revision 1.29)
\pgf@path@lastx=\dimen153
\pgf@path@lasty=\dimen154
)
(/usr/share/texlive/texmf-dist/tex/generic/pgf/basiclayer/pgfcorepathusage.code
.tex
File: pgfcorepathusage.code.tex 2014/11/02  (rcs-revision 1.24)
\pgf@shorten@end@additional=\dimen155
\pgf@shorten@start@additional=\dimen156
)
(/usr/share/texlive/texmf-dist/tex/generic/pgf/basiclayer/pgfcorescopes.code.te
x
File: pgfcorescopes.code.tex 2015/05/08  (rcs-revision 1.46)
\pgfpic=\box36
\pgf@hbox=\box37
\pgf@layerbox@main=\box38
\pgf@picture@serial@count=\count115
)
(/usr/share/texlive/texmf-dist/tex/generic/pgf/basiclayer/pgfcoregraphicstate.c
ode.tex
File: pgfcoregraphicstate.code.tex 2014/11/02  (rcs-revision 1.12)
\pgflinewidth=\dimen157
)
(/usr/share/texlive/texmf-dist/tex/generic/pgf/basiclayer/pgfcoretransformation
s.code.tex
File: pgfcoretransformations.code.tex 2015/08/07  (rcs-revision 1.20)
\pgf@pt@x=\dimen158
\pgf@pt@y=\dimen159
\pgf@pt@temp=\dimen160
)
(/usr/share/texlive/texmf-dist/tex/generic/pgf/basiclayer/pgfcorequick.code.tex
File: pgfcorequick.code.tex 2008/10/09  (rcs-revision 1.3)
)
(/usr/share/texlive/texmf-dist/tex/generic/pgf/basiclayer/pgfcoreobjects.code.t
ex
File: pgfcoreobjects.code.tex 2006/10/11  (rcs-revision 1.2)
)
(/usr/share/texlive/texmf-dist/tex/generic/pgf/basiclayer/pgfcorepathprocessing
.code.tex
File: pgfcorepathprocessing.code.tex 2013/09/09  (rcs-revision 1.9)
)
(/usr/share/texlive/texmf-dist/tex/generic/pgf/basiclayer/pgfcorearrows.code.te
x
File: pgfcorearrows.code.tex 2015/05/14  (rcs-revision 1.43)
\pgfarrowsep=\dimen161
)
(/usr/share/texlive/texmf-dist/tex/generic/pgf/basiclayer/pgfcoreshade.code.tex
File: pgfcoreshade.code.tex 2013/07/15  (rcs-revision 1.15)
\pgf@max=\dimen162
\pgf@sys@shading@range@num=\count116
)
(/usr/share/texlive/texmf-dist/tex/generic/pgf/basiclayer/pgfcoreimage.code.tex
File: pgfcoreimage.code.tex 2013/07/15  (rcs-revision 1.18)

(/usr/share/texlive/texmf-dist/tex/generic/pgf/basiclayer/pgfcoreexternal.code.
tex
File: pgfcoreexternal.code.tex 2014/07/09  (rcs-revision 1.21)
\pgfexternal@startupbox=\box39
))
(/usr/share/texlive/texmf-dist/tex/generic/pgf/basiclayer/pgfcorelayers.code.te
x
File: pgfcorelayers.code.tex 2013/07/18  (rcs-revision 1.7)
)
(/usr/share/texlive/texmf-dist/tex/generic/pgf/basiclayer/pgfcoretransparency.c
ode.tex
File: pgfcoretransparency.code.tex 2013/09/30  (rcs-revision 1.5)
)
(/usr/share/texlive/texmf-dist/tex/generic/pgf/basiclayer/pgfcorepatterns.code.
tex
File: pgfcorepatterns.code.tex 2013/11/07  (rcs-revision 1.5)
))) (/usr/share/texlive/texmf-dist/tex/latex/pgf/utilities/xxcolor.sty
Package: xxcolor 2003/10/24 ver 0.1
\XC@nummixins=\count117
\XC@countmixins=\count118
)
(/usr/share/texlive/texmf-dist/tex/generic/oberdiek/atbegshi.sty
Package: atbegshi 2016/06/09 v1.18 At begin shipout hook (HO)

(/usr/share/texlive/texmf-dist/tex/generic/oberdiek/infwarerr.sty
Package: infwarerr 2016/05/16 v1.4 Providing info/warning/error messages (HO)
)
(/usr/share/texlive/texmf-dist/tex/generic/oberdiek/ltxcmds.sty
Package: ltxcmds 2016/05/16 v1.23 LaTeX kernel commands for general use (HO)
))
(/usr/share/texlive/texmf-dist/tex/latex/hyperref/hyperref.sty
Package: hyperref 2018/02/06 v6.86b Hypertext links for LaTeX

(/usr/share/texlive/texmf-dist/tex/generic/oberdiek/hobsub-hyperref.sty
Package: hobsub-hyperref 2016/05/16 v1.14 Bundle oberdiek, subset hyperref (HO)


(/usr/share/texlive/texmf-dist/tex/generic/oberdiek/hobsub-generic.sty
Package: hobsub-generic 2016/05/16 v1.14 Bundle oberdiek, subset generic (HO)
Package: hobsub 2016/05/16 v1.14 Construct package bundles (HO)
Package hobsub Info: Skipping package `infwarerr' (already loaded).
Package hobsub Info: Skipping package `ltxcmds' (already loaded).
Package: ifluatex 2016/05/16 v1.4 Provides the ifluatex switch (HO)
Package ifluatex Info: LuaTeX not detected.
Package hobsub Info: Skipping package `ifvtex' (already loaded).
Package: intcalc 2016/05/16 v1.2 Expandable calculations with integers (HO)
Package hobsub Info: Skipping package `ifpdf' (already loaded).
Package: etexcmds 2016/05/16 v1.6 Avoid name clashes with e-TeX commands (HO)
Package etexcmds Info: Could not find \expanded.
(etexcmds)             That can mean that you are not using pdfTeX 1.50 or
(etexcmds)             that some package has redefined \expanded.
(etexcmds)             In the latter case, load this package earlier.
Package: kvsetkeys 2016/05/16 v1.17 Key value parser (HO)
Package: kvdefinekeys 2016/05/16 v1.4 Define keys (HO)
Package: pdftexcmds 2018/01/21 v0.26 Utility functions of pdfTeX for LuaTeX (HO
)
Package pdftexcmds Info: LuaTeX not detected.
Package pdftexcmds Info: \pdf@primitive is available.
Package pdftexcmds Info: \pdf@ifprimitive is available.
Package pdftexcmds Info: \pdfdraftmode found.
Package: pdfescape 2016/05/16 v1.14 Implements pdfTeX's escape features (HO)
Package: bigintcalc 2016/05/16 v1.4 Expandable calculations on big integers (HO
)
Package: bitset 2016/05/16 v1.2 Handle bit-vector datatype (HO)
Package: uniquecounter 2016/05/16 v1.3 Provide unlimited unique counter (HO)
)
Package hobsub Info: Skipping package `hobsub' (already loaded).
Package: letltxmacro 2016/05/16 v1.5 Let assignment for LaTeX macros (HO)
Package: hopatch 2016/05/16 v1.3 Wrapper for package hooks (HO)
Package: xcolor-patch 2016/05/16 xcolor patch
Package: atveryend 2016/05/16 v1.9 Hooks at the very end of document (HO)
Package hobsub Info: Skipping package `atbegshi' (already loaded).
Package: refcount 2016/05/16 v3.5 Data extraction from label references (HO)
Package: hycolor 2016/05/16 v1.8 Color options for hyperref/bookmark (HO)
)
(/usr/share/texlive/texmf-dist/tex/latex/oberdiek/auxhook.sty
Package: auxhook 2016/05/16 v1.4 Hooks for auxiliary files (HO)
)
(/usr/share/texlive/texmf-dist/tex/latex/oberdiek/kvoptions.sty
Package: kvoptions 2016/05/16 v3.12 Key value format for package options (HO)
)
\@linkdim=\dimen163
\Hy@linkcounter=\count119
\Hy@pagecounter=\count120

(/usr/share/texlive/texmf-dist/tex/latex/hyperref/pd1enc.def
File: pd1enc.def 2018/02/06 v6.86b Hyperref: PDFDocEncoding definition (HO)
)
\Hy@SavedSpaceFactor=\count121

(/usr/share/texlive/texmf-dist/tex/latex/latexconfig/hyperref.cfg
File: hyperref.cfg 2002/06/06 v1.2 hyperref configuration of TeXLive
)
Package hyperref Info: Option `bookmarks' set `true' on input line 4383.
Package hyperref Info: Option `bookmarksopen' set `true' on input line 4383.
Package hyperref Info: Option `implicit' set `false' on input line 4383.
Package hyperref Info: Hyper figures OFF on input line 4509.
Package hyperref Info: Link nesting OFF on input line 4514.
Package hyperref Info: Hyper index ON on input line 4517.
Package hyperref Info: Plain pages OFF on input line 4524.
Package hyperref Info: Backreferencing OFF on input line 4529.
Package hyperref Info: Implicit mode OFF; no redefinition of LaTeX internals.
Package hyperref Info: Bookmarks ON on input line 4762.
\c@Hy@tempcnt=\count122

(/usr/share/texlive/texmf-dist/tex/latex/url/url.sty
\Urlmuskip=\muskip10
Package: url 2013/09/16  ver 3.4  Verb mode for urls, etc.
)
LaTeX Info: Redefining \url on input line 5115.
\XeTeXLinkMargin=\dimen164
\Fld@menulength=\count123
\Field@Width=\dimen165
\Fld@charsize=\dimen166
Package hyperref Info: Hyper figures OFF on input line 6369.
Package hyperref Info: Link nesting OFF on input line 6374.
Package hyperref Info: Hyper index ON on input line 6377.
Package hyperref Info: backreferencing OFF on input line 6384.
Package hyperref Info: Link coloring OFF on input line 6389.
Package hyperref Info: Link coloring with OCG OFF on input line 6394.
Package hyperref Info: PDF/A mode OFF on input line 6399.
LaTeX Info: Redefining \ref on input line 6439.
LaTeX Info: Redefining \pageref on input line 6443.
\Hy@abspage=\count124


Package hyperref Message: Stopped early.

)
Package hyperref Info: Driver (autodetected): hpdftex.
 (/usr/share/texlive/texmf-dist/tex/latex/hyperref/hpdftex.def
File: hpdftex.def 2018/02/06 v6.86b Hyperref driver for pdfTeX
\Fld@listcount=\count125
\c@bookmark@seq@number=\count126

(/usr/share/texlive/texmf-dist/tex/latex/oberdiek/rerunfilecheck.sty
Package: rerunfilecheck 2016/05/16 v1.8 Rerun checks for auxiliary files (HO)
Package uniquecounter Info: New unique counter `rerunfilecheck' on input line 2
82.
))
(/usr/share/texlive/texmf-dist/tex/latex/beamer/beamerbaserequires.sty
(/usr/share/texlive/texmf-dist/tex/latex/beamer/beamerbasecompatibility.sty)
(/usr/share/texlive/texmf-dist/tex/latex/beamer/beamerbasefont.sty
(/usr/share/texlive/texmf-dist/tex/latex/amsfonts/amssymb.sty
Package: amssymb 2013/01/14 v3.01 AMS font symbols

(/usr/share/texlive/texmf-dist/tex/latex/amsfonts/amsfonts.sty
Package: amsfonts 2013/01/14 v3.01 Basic AMSFonts support
\@emptytoks=\toks26
\symAMSa=\mathgroup4
\symAMSb=\mathgroup5
LaTeX Font Info:    Overwriting math alphabet `\mathfrak' in version `bold'
(Font)                  U/euf/m/n --> U/euf/b/n on input line 106.
)))
(/usr/share/texlive/texmf-dist/tex/latex/beamer/beamerbasetranslator.sty
(/usr/share/texlive/texmf-dist/tex/latex/translator/translator.sty
Package: translator 2018/01/04 v1.12 Easy translation of strings in LaTeX
))
(/usr/share/texlive/texmf-dist/tex/latex/beamer/beamerbasemisc.sty)
(/usr/share/texlive/texmf-dist/tex/latex/beamer/beamerbasetwoscreens.sty)
(/usr/share/texlive/texmf-dist/tex/latex/beamer/beamerbaseoverlay.sty
\beamer@argscount=\count127
\beamer@lastskipcover=\skip44
\beamer@trivlistdepth=\count128
)
(/usr/share/texlive/texmf-dist/tex/latex/beamer/beamerbasetitle.sty)
(/usr/share/texlive/texmf-dist/tex/latex/beamer/beamerbasesection.sty
\c@lecture=\count129
\c@part=\count130
\c@section=\count131
\c@subsection=\count132
\c@subsubsection=\count133
)
(/usr/share/texlive/texmf-dist/tex/latex/beamer/beamerbaseframe.sty
\beamer@framebox=\box40
\beamer@frametitlebox=\box41
\beamer@zoombox=\box42
\beamer@zoomcount=\count134
\beamer@zoomframecount=\count135
\beamer@frametextheight=\dimen167
\c@subsectionslide=\count136
\beamer@frametopskip=\skip45
\beamer@framebottomskip=\skip46
\beamer@frametopskipautobreak=\skip47
\beamer@framebottomskipautobreak=\skip48
\beamer@envbody=\toks27
\framewidth=\dimen168
\c@framenumber=\count137
)
(/usr/share/texlive/texmf-dist/tex/latex/beamer/beamerbaseverbatim.sty
\beamer@verbatimfileout=\write4
)
(/usr/share/texlive/texmf-dist/tex/latex/beamer/beamerbaseframesize.sty
\beamer@splitbox=\box43
\beamer@autobreakcount=\count138
\beamer@autobreaklastheight=\dimen169
\beamer@frametitletoks=\toks28
\beamer@framesubtitletoks=\toks29
)
(/usr/share/texlive/texmf-dist/tex/latex/beamer/beamerbaseframecomponents.sty
\beamer@footins=\box44
)
(/usr/share/texlive/texmf-dist/tex/latex/beamer/beamerbasecolor.sty
\beamer@bg@ht=\dimen170
\beamer@bg@wd=\dimen171
\beamer@bg@dp=\dimen172
)
(/usr/share/texlive/texmf-dist/tex/latex/beamer/beamerbasenotes.sty
\beamer@frameboxcopy=\box45
)
(/usr/share/texlive/texmf-dist/tex/latex/beamer/beamerbasetoc.sty)
(/usr/share/texlive/texmf-dist/tex/latex/beamer/beamerbasetemplates.sty
\beamer@sbttoks=\toks30

(/usr/share/texlive/texmf-dist/tex/latex/beamer/beamerbaseauxtemplates.sty
(/usr/share/texlive/texmf-dist/tex/latex/beamer/beamerbaseboxes.sty
\bmb@box=\box46
\bmb@colorbox=\box47
\bmb@boxshadow=\box48
\bmb@boxshadowball=\box49
\bmb@boxshadowballlarge=\box50
\bmb@temp=\dimen173
\bmb@dima=\dimen174
\bmb@dimb=\dimen175
\bmb@prevheight=\dimen176
)
\beamer@blockheadheight=\dimen177
))
(/usr/share/texlive/texmf-dist/tex/latex/beamer/beamerbaselocalstructure.sty
(/usr/share/texlive/texmf-dist/tex/latex/tools/enumerate.sty
Package: enumerate 2015/07/23 v3.00 enumerate extensions (DPC)
\@enLab=\toks31
)
\c@figure=\count139
\c@table=\count140
\abovecaptionskip=\skip49
\belowcaptionskip=\skip50
)
(/usr/share/texlive/texmf-dist/tex/latex/beamer/beamerbasenavigation.sty
\beamer@section@min@dim=\dimen178
)
(/usr/share/texlive/texmf-dist/tex/latex/beamer/beamerbasetheorems.sty
(/usr/share/texlive/texmf-dist/tex/latex/amsmath/amsmath.sty
Package: amsmath 2017/09/02 v2.17a AMS math features
\@mathmargin=\skip51

For additional information on amsmath, use the `?' option.
(/usr/share/texlive/texmf-dist/tex/latex/amsmath/amstext.sty
Package: amstext 2000/06/29 v2.01 AMS text

(/usr/share/texlive/texmf-dist/tex/latex/amsmath/amsgen.sty
File: amsgen.sty 1999/11/30 v2.0 generic functions
\@emptytoks=\toks32
\ex@=\dimen179
))
(/usr/share/texlive/texmf-dist/tex/latex/amsmath/amsbsy.sty
Package: amsbsy 1999/11/29 v1.2d Bold Symbols
\pmbraise@=\dimen180
)
(/usr/share/texlive/texmf-dist/tex/latex/amsmath/amsopn.sty
Package: amsopn 2016/03/08 v2.02 operator names
)
\inf@bad=\count141
LaTeX Info: Redefining \frac on input line 213.
\uproot@=\count142
\leftroot@=\count143
LaTeX Info: Redefining \overline on input line 375.
\classnum@=\count144
\DOTSCASE@=\count145
LaTeX Info: Redefining \ldots on input line 472.
LaTeX Info: Redefining \dots on input line 475.
LaTeX Info: Redefining \cdots on input line 596.
\Mathstrutbox@=\box51
\strutbox@=\box52
\big@size=\dimen181
LaTeX Font Info:    Redeclaring font encoding OML on input line 712.
LaTeX Font Info:    Redeclaring font encoding OMS on input line 713.
\macc@depth=\count146
\c@MaxMatrixCols=\count147
\dotsspace@=\muskip11
\c@parentequation=\count148
\dspbrk@lvl=\count149
\tag@help=\toks33
\row@=\count150
\column@=\count151
\maxfields@=\count152
\andhelp@=\toks34
\eqnshift@=\dimen182
\alignsep@=\dimen183
\tagshift@=\dimen184
\tagwidth@=\dimen185
\totwidth@=\dimen186
\lineht@=\dimen187
\@envbody=\toks35
\multlinegap=\skip52
\multlinetaggap=\skip53
\mathdisplay@stack=\toks36
LaTeX Info: Redefining \[ on input line 2817.
LaTeX Info: Redefining \] on input line 2818.
)
(/usr/share/texlive/texmf-dist/tex/latex/amscls/amsthm.sty
Package: amsthm 2017/10/31 v2.20.4
\thm@style=\toks37
\thm@bodyfont=\toks38
\thm@headfont=\toks39
\thm@notefont=\toks40
\thm@headpunct=\toks41
\thm@preskip=\skip54
\thm@postskip=\skip55
\thm@headsep=\skip56
\dth@everypar=\toks42
)
\c@theorem=\count153
)
(/usr/share/texlive/texmf-dist/tex/latex/beamer/beamerbasethemes.sty))
(/usr/share/texlive/texmf-dist/tex/latex/beamer/beamerthemedefault.sty
(/usr/share/texlive/texmf-dist/tex/latex/beamer/beamerfontthemedefault.sty)
(/usr/share/texlive/texmf-dist/tex/latex/beamer/beamercolorthemedefault.sty)
(/usr/share/texlive/texmf-dist/tex/latex/beamer/beamerinnerthemedefault.sty
\beamer@dima=\dimen188
\beamer@dimb=\dimen189
)
(/usr/share/texlive/texmf-dist/tex/latex/beamer/beamerouterthemedefault.sty)))
(./main.aux)
\openout1 = `main.aux'.

LaTeX Font Info:    Checking defaults for OML/cmm/m/it on input line 22.
LaTeX Font Info:    ... okay on input line 22.
LaTeX Font Info:    Checking defaults for T1/cmr/m/n on input line 22.
LaTeX Font Info:    ... okay on input line 22.
LaTeX Font Info:    Checking defaults for OT1/cmr/m/n on input line 22.
LaTeX Font Info:    ... okay on input line 22.
LaTeX Font Info:    Checking defaults for OMS/cmsy/m/n on input line 22.
LaTeX Font Info:    ... okay on input line 22.
LaTeX Font Info:    Checking defaults for OMX/cmex/m/n on input line 22.
LaTeX Font Info:    ... okay on input line 22.
LaTeX Font Info:    Checking defaults for U/cmr/m/n on input line 22.
LaTeX Font Info:    ... okay on input line 22.
LaTeX Font Info:    Checking defaults for PD1/pdf/m/n on input line 22.
LaTeX Font Info:    ... okay on input line 22.

*geometry* driver: auto-detecting
*geometry* detected driver: pdftex
*geometry* verbose mode - [ preamble ] result:
* driver: pdftex
* paper: custom
* layout: <same size as paper>
* layoutoffset:(h,v)=(0.0pt,0.0pt)
* modes: includehead includefoot 
* h-part:(L,W,R)=(28.45274pt, 307.28987pt, 28.45274pt)
* v-part:(T,H,B)=(0.0pt, 273.14662pt, 0.0pt)
* \paperwidth=364.19536pt
* \paperheight=273.14662pt
* \textwidth=307.28987pt
* \textheight=244.6939pt
* \oddsidemargin=-43.81725pt
* \evensidemargin=-43.81725pt
* \topmargin=-72.26999pt
* \headheight=14.22636pt
* \headsep=0.0pt
* \topskip=11.0pt
* \footskip=14.22636pt
* \marginparwidth=4.0pt
* \marginparsep=10.0pt
* \columnsep=10.0pt
* \skip\footins=10.0pt plus 4.0pt minus 2.0pt
* \hoffset=0.0pt
* \voffset=0.0pt
* \mag=1000
* \@twocolumnfalse
* \@twosidefalse
* \@mparswitchfalse
* \@reversemarginfalse
* (1in=72.27pt=25.4mm, 1cm=28.453pt)

(/usr/share/texlive/texmf-dist/tex/context/base/mkii/supp-pdf.mkii
[Loading MPS to PDF converter (version 2006.09.02).]
\scratchcounter=\count154
\scratchdimen=\dimen190
\scratchbox=\box53
\nofMPsegments=\count155
\nofMParguments=\count156
\everyMPshowfont=\toks43
\MPscratchCnt=\count157
\MPscratchDim=\dimen191
\MPnumerator=\count158
\makeMPintoPDFobject=\count159
\everyMPtoPDFconversion=\toks44
) (/usr/share/texlive/texmf-dist/tex/latex/oberdiek/epstopdf-base.sty
Package: epstopdf-base 2016/05/15 v2.6 Base part for package epstopdf

(/usr/share/texlive/texmf-dist/tex/latex/oberdiek/grfext.sty
Package: grfext 2016/05/16 v1.2 Manage graphics extensions (HO)
)
Package epstopdf-base Info: Redefining graphics rule for `.eps' on input line 4
38.
Package grfext Info: Graphics extension search list:
(grfext)             [.pdf,.png,.jpg,.mps,.jpeg,.jbig2,.jb2,.PDF,.PNG,.JPG,.JPE
G,.JBIG2,.JB2,.eps]
(grfext)             \AppendGraphicsExtensions on input line 456.

(/usr/share/texlive/texmf-dist/tex/latex/latexconfig/epstopdf-sys.cfg
File: epstopdf-sys.cfg 2010/07/13 v1.3 Configuration of (r)epstopdf for TeX Liv
e
))
ABD: EveryShipout initializing macros
\AtBeginShipoutBox=\box54
Package hyperref Info: Link coloring OFF on input line 22.

(/usr/share/texlive/texmf-dist/tex/latex/hyperref/nameref.sty
Package: nameref 2016/05/21 v2.44 Cross-referencing by name of section

(/usr/share/texlive/texmf-dist/tex/generic/oberdiek/gettitlestring.sty
Package: gettitlestring 2016/05/16 v1.5 Cleanup title references (HO)
)
\c@section@level=\count160
)
LaTeX Info: Redefining \ref on input line 22.
LaTeX Info: Redefining \pageref on input line 22.
LaTeX Info: Redefining \nameref on input line 22.

(./main.out) (./main.out)
\@outlinefile=\write5
\openout5 = `main.out'.

LaTeX Font Info:    Overwriting symbol font `operators' in version `normal'
(Font)                  OT1/cmr/m/n --> OT1/cmss/m/n on input line 22.
LaTeX Font Info:    Overwriting symbol font `operators' in version `bold'
(Font)                  OT1/cmr/bx/n --> OT1/cmss/bx/n on input line 22.
\symnumbers=\mathgroup6
\sympureletters=\mathgroup7
LaTeX Font Info:    Overwriting math alphabet `\mathrm' in version `normal'
(Font)                  OT1/cmss/m/n --> OT1/cmr/m/n on input line 22.
LaTeX Font Info:    Redeclaring math alphabet \mathbf on input line 22.
LaTeX Font Info:    Overwriting math alphabet `\mathbf' in version `normal'
(Font)                  OT1/cmr/bx/n --> OT1/cmss/bx/n on input line 22.
LaTeX Font Info:    Overwriting math alphabet `\mathbf' in version `bold'
(Font)                  OT1/cmr/bx/n --> OT1/cmss/bx/n on input line 22.
LaTeX Font Info:    Redeclaring math alphabet \mathsf on input line 22.
LaTeX Font Info:    Overwriting math alphabet `\mathsf' in version `normal'
(Font)                  OT1/cmss/m/n --> OT1/cmss/m/n on input line 22.
LaTeX Font Info:    Overwriting math alphabet `\mathsf' in version `bold'
(Font)                  OT1/cmss/bx/n --> OT1/cmss/m/n on input line 22.
LaTeX Font Info:    Redeclaring math alphabet \mathit on input line 22.
LaTeX Font Info:    Overwriting math alphabet `\mathit' in version `normal'
(Font)                  OT1/cmr/m/it --> OT1/cmss/m/it on input line 22.
LaTeX Font Info:    Overwriting math alphabet `\mathit' in version `bold'
(Font)                  OT1/cmr/bx/it --> OT1/cmss/m/it on input line 22.
LaTeX Font Info:    Redeclaring math alphabet \mathtt on input line 22.
LaTeX Font Info:    Overwriting math alphabet `\mathtt' in version `normal'
(Font)                  OT1/cmtt/m/n --> OT1/cmtt/m/n on input line 22.
LaTeX Font Info:    Overwriting math alphabet `\mathtt' in version `bold'
(Font)                  OT1/cmtt/m/n --> OT1/cmtt/m/n on input line 22.
LaTeX Font Info:    Overwriting symbol font `numbers' in version `bold'
(Font)                  OT1/cmss/m/n --> OT1/cmss/bx/n on input line 22.
LaTeX Font Info:    Overwriting symbol font `pureletters' in version `bold'
(Font)                  OT1/cmss/m/it --> OT1/cmss/bx/it on input line 22.
LaTeX Font Info:    Overwriting math alphabet `\mathrm' in version `bold'
(Font)                  OT1/cmss/bx/n --> OT1/cmr/bx/n on input line 22.
LaTeX Font Info:    Overwriting math alphabet `\mathbf' in version `bold'
(Font)                  OT1/cmss/bx/n --> OT1/cmss/bx/n on input line 22.
LaTeX Font Info:    Overwriting math alphabet `\mathsf' in version `bold'
(Font)                  OT1/cmss/m/n --> OT1/cmss/bx/n on input line 22.
LaTeX Font Info:    Overwriting math alphabet `\mathit' in version `bold'
(Font)                  OT1/cmss/m/it --> OT1/cmss/bx/it on input line 22.
LaTeX Font Info:    Overwriting math alphabet `\mathtt' in version `bold'
(Font)                  OT1/cmtt/m/n --> OT1/cmtt/bx/n on input line 22.

(/usr/share/texlive/texmf-dist/tex/latex/translator/translator-basic-dictionary
-English.dict
Dictionary: translator-basic-dictionary, Language: English 
)
(/usr/share/texlive/texmf-dist/tex/latex/translator/translator-bibliography-dic
tionary-English.dict
Dictionary: translator-bibliography-dictionary, Language: English 
)
(/usr/share/texlive/texmf-dist/tex/latex/translator/translator-environment-dict
ionary-English.dict
Dictionary: translator-environment-dictionary, Language: English 
)
(/usr/share/texlive/texmf-dist/tex/latex/translator/translator-months-dictionar
y-English.dict
Dictionary: translator-months-dictionary, Language: English 
)
(/usr/share/texlive/texmf-dist/tex/latex/translator/translator-numbers-dictiona
ry-English.dict
Dictionary: translator-numbers-dictionary, Language: English 
)
(/usr/share/texlive/texmf-dist/tex/latex/translator/translator-theorem-dictiona
ry-English.dict
Dictionary: translator-theorem-dictionary, Language: English 
) (./main.nav) [1

{/var/lib/texmf/fonts/map/pdftex/updmap/pdftex.map}] [2

]
<ppt2/1551385126_1218_28022019_515x446.png, id=99, 516.93124pt x 447.6725pt>
File: ppt2/1551385126_1218_28022019_515x446.png Graphic file (type png)
<use ppt2/1551385126_1218_28022019_515x446.png>
Package pdftex.def Info: ppt2/1551385126_1218_28022019_515x446.png  used on inp
ut line 28.
(pdftex.def)             Requested size: 245.82884pt x 212.89255pt.
 [3

 <./ppt2/1551385126_1218_28022019_515x446.png>]
<ppt2/1551385133_1218_28022019_838x371.png, id=126, 841.1425pt x 372.39125pt>
File: ppt2/1551385133_1218_28022019_838x371.png Graphic file (type png)
<use ppt2/1551385133_1218_28022019_838x371.png>
Package pdftex.def Info: ppt2/1551385133_1218_28022019_838x371.png  used on inp
ut line 29.
(pdftex.def)             Requested size: 245.82463pt x 108.83167pt.
 [4

 <./ppt2/1551385133_1218_28022019_838x371.png>]
<ppt3/1551385307_1221_28022019_335x418.png, id=153, 336.25626pt x 419.5675pt>
File: ppt3/1551385307_1221_28022019_335x418.png Graphic file (type png)
<use ppt3/1551385307_1221_28022019_335x418.png>
Package pdftex.def Info: ppt3/1551385307_1221_28022019_335x418.png  used on inp
ut line 31.
(pdftex.def)             Requested size: 172.56076pt x 215.31462pt.
 [5

 <./ppt3/1551385307_1221_28022019_335x418.png>]
<ppt3/1551385344_1222_28022019_401x498.png, id=179, 402.50375pt x 499.8675pt>
File: ppt3/1551385344_1222_28022019_401x498.png Graphic file (type png)
<use ppt3/1551385344_1222_28022019_401x498.png>
Package pdftex.def Info: ppt3/1551385344_1222_28022019_401x498.png  used on inp
ut line 32.
(pdftex.def)             Requested size: 173.38031pt x 215.32019pt.
 [6

 <./ppt3/1551385344_1222_28022019_401x498.png>]
<ppt3/1551385361_1222_28022019_349x623.png, id=205, 350.30875pt x 625.33624pt>
File: ppt3/1551385361_1222_28022019_349x623.png Graphic file (type png)
<use ppt3/1551385361_1222_28022019_349x623.png>
Package pdftex.def Info: ppt3/1551385361_1222_28022019_349x623.png  used on inp
ut line 34.
(pdftex.def)             Requested size: 120.6161pt x 215.31184pt.
 [7

 <./ppt3/1551385361_1222_28022019_349x623.png>]
<ppt3/1551385369_1222_28022019_406x621.png, id=232, 407.5225pt x 623.32875pt>
File: ppt3/1551385369_1222_28022019_406x621.png Graphic file (type png)
<use ppt3/1551385369_1222_28022019_406x621.png>
Package pdftex.def Info: ppt3/1551385369_1222_28022019_406x621.png  used on inp
ut line 36.
(pdftex.def)             Requested size: 140.76952pt x 215.31496pt.
 [8

 <./ppt3/1551385369_1222_28022019_406x621.png>]
<ppt3/1551385377_1222_28022019_440x654.png, id=259, 441.65pt x 656.4525pt>
File: ppt3/1551385377_1222_28022019_440x654.png Graphic file (type png)
<use ppt3/1551385377_1222_28022019_440x654.png>
Package pdftex.def Info: ppt3/1551385377_1222_28022019_440x654.png  used on inp
ut line 38.
(pdftex.def)             Requested size: 144.86212pt x 215.31781pt.

[9

 <./ppt3/1551385377_1222_28022019_440x654.png>]
<ppt3/1551385396_1223_28022019_358x653.png, id=285, 359.3425pt x 655.44875pt>
File: ppt3/1551385396_1223_28022019_358x653.png Graphic file (type png)
<use ppt3/1551385396_1223_28022019_358x653.png>
Package pdftex.def Info: ppt3/1551385396_1223_28022019_358x653.png  used on inp
ut line 40.
(pdftex.def)             Requested size: 118.04604pt x 215.31862pt.
 [10

 <./ppt3/1551385396_1223_28022019_358x653.png>]
<ppt3/1551385454_1224_28022019_727x520.png, id=311, 729.72626pt x 521.95pt>
File: ppt3/1551385454_1224_28022019_727x520.png Graphic file (type png)
<use ppt3/1551385454_1224_28022019_727x520.png>
Package pdftex.def Info: ppt3/1551385454_1224_28022019_727x520.png  used on inp
ut line 41.
(pdftex.def)             Requested size: 245.83217pt x 175.83592pt.
 [11

 <./ppt3/1551385454_1224_28022019_727x520.png>]
<ppt4/1551385496_1224_28022019_352x648.png, id=336, 353.32pt x 650.43pt>
File: ppt4/1551385496_1224_28022019_352x648.png Graphic file (type png)
<use ppt4/1551385496_1224_28022019_352x648.png>
Package pdftex.def Info: ppt4/1551385496_1224_28022019_352x648.png  used on inp
ut line 43.
(pdftex.def)             Requested size: 116.96255pt x 215.31744pt.

[12

 <./ppt4/1551385496_1224_28022019_352x648.png>] [13

]
<ppt4/1551385502_1225_28022019_456x653.png, id=391, 457.71pt x 655.44875pt>
File: ppt4/1551385502_1225_28022019_456x653.png Graphic file (type png)
<use ppt4/1551385502_1225_28022019_456x653.png>
Package pdftex.def Info: ppt4/1551385502_1225_28022019_456x653.png  used on inp
ut line 49.
(pdftex.def)             Requested size: 150.36032pt x 215.31862pt.
 [14

 <./ppt4/1551385502_1225_28022019_456x653.png>]
<ppt4/1551385521_1225_28022019_428x656.png, id=418, 429.605pt x 658.46pt>
File: ppt4/1551385521_1225_28022019_428x656.png Graphic file (type png)
<use ppt4/1551385521_1225_28022019_428x656.png>
Package pdftex.def Info: ppt4/1551385521_1225_28022019_428x656.png  used on inp
ut line 51.
(pdftex.def)             Requested size: 140.4787pt x 215.31316pt.
 [15

 <./ppt4/1551385521_1225_28022019_428x656.png>]
<ppt4/1551385561_1226_28022019_477x485.png, id=444, 478.78876pt x 486.81876pt>
File: ppt4/1551385561_1226_28022019_477x485.png Graphic file (type png)
<use ppt4/1551385561_1226_28022019_477x485.png>
Package pdftex.def Info: ppt4/1551385561_1226_28022019_477x485.png  used on inp
ut line 52.
(pdftex.def)             Requested size: 211.76355pt x 215.31514pt.

[16

 <./ppt4/1551385561_1226_28022019_477x485.png>]
<ppt4/1551385585_1226_28022019_413x653.png, id=471, 414.54875pt x 655.44875pt>
File: ppt4/1551385585_1226_28022019_413x653.png Graphic file (type png)
<use ppt4/1551385585_1226_28022019_413x653.png>
Package pdftex.def Info: ppt4/1551385585_1226_28022019_413x653.png  used on inp
ut line 53.
(pdftex.def)             Requested size: 136.18161pt x 215.31862pt.
 [17

 <./ppt4/1551385585_1226_28022019_413x653.png>]
<ppt4/1551385601_1226_28022019_589x543.png, id=496, 591.20876pt x 545.03625pt>
File: ppt4/1551385601_1226_28022019_589x543.png Graphic file (type png)
<use ppt4/1551385601_1226_28022019_589x543.png>
Package pdftex.def Info: ppt4/1551385601_1226_28022019_589x543.png  used on inp
ut line 55.
(pdftex.def)             Requested size: 233.55647pt x 215.31607pt.

Overfull \vbox (2.51389pt too high) detected at line 55
 []

[18

 <./ppt4/1551385601_1226_28022019_589x543.png>] [19

]
<ppt5/1551385766_1229_28022019_431x655.png, id=550, 432.61626pt x 657.45625pt>
File: ppt5/1551385766_1229_28022019_431x655.png Graphic file (type png)
<use ppt5/1551385766_1229_28022019_431x655.png>
Package pdftex.def Info: ppt5/1551385766_1229_28022019_431x655.png  used on inp
ut line 60.
(pdftex.def)             Requested size: 141.68121pt x 215.316pt.
 [20

 <./ppt5/1551385766_1229_28022019_431x655.png>]
<ppt5/1551385777_1229_28022019_557x526.png, id=578, 559.08875pt x 527.9725pt>
File: ppt5/1551385777_1229_28022019_557x526.png Graphic file (type png)
<use ppt5/1551385777_1229_28022019_557x526.png>
Package pdftex.def Info: ppt5/1551385777_1229_28022019_557x526.png  used on inp
ut line 62.
(pdftex.def)             Requested size: 228.00793pt x 215.31808pt.
 [21

 <./ppt5/1551385777_1229_28022019_557x526.png>]
<ppt5/1551385789_1229_28022019_630x656.png, id=604, 632.3625pt x 658.46pt>
File: ppt5/1551385789_1229_28022019_630x656.png Graphic file (type png)
<use ppt5/1551385789_1229_28022019_630x656.png>
Package pdftex.def Info: ppt5/1551385789_1229_28022019_630x656.png  used on inp
ut line 63.
(pdftex.def)             Requested size: 206.7794pt x 215.31316pt.

[22

 <./ppt5/1551385789_1229_28022019_630x656.png>]
<ppt5/1551385825_1230_28022019_422x649.png, id=630, 423.5825pt x 651.43375pt>
File: ppt5/1551385825_1230_28022019_422x649.png Graphic file (type png)
<use ppt5/1551385825_1230_28022019_422x649.png>
Package pdftex.def Info: ppt5/1551385825_1230_28022019_422x649.png  used on inp
ut line 64.
(pdftex.def)             Requested size: 140.00241pt x 215.31175pt.
 [23

 <./ppt5/1551385825_1230_28022019_422x649.png>]
<ppt5/1551385831_1230_28022019_422x554.png, id=656, 423.5825pt x 556.0775pt>
File: ppt5/1551385831_1230_28022019_422x554.png Graphic file (type png)
<use ppt5/1551385831_1230_28022019_422x554.png>
Package pdftex.def Info: ppt5/1551385831_1230_28022019_422x554.png  used on inp
ut line 65.
(pdftex.def)             Requested size: 164.01372pt x 215.31659pt.
 [24

 <./ppt5/1551385831_1230_28022019_422x554.png>]
<ppt5/1551385838_1230_28022019_768x544.png, id=683, 770.88pt x 546.04pt>
File: ppt5/1551385838_1230_28022019_768x544.png Graphic file (type png)
<use ppt5/1551385838_1230_28022019_768x544.png>
Package pdftex.def Info: ppt5/1551385838_1230_28022019_768x544.png  used on inp
ut line 67.
(pdftex.def)             Requested size: 245.82796pt x 174.12814pt.

[25

 <./ppt5/1551385838_1230_28022019_768x544.png>]
<ppt5/1551385850_1230_28022019_872x523.png, id=710, 875.27pt x 524.96124pt>
File: ppt5/1551385850_1230_28022019_872x523.png Graphic file (type png)
<use ppt5/1551385850_1230_28022019_872x523.png>
Package pdftex.def Info: ppt5/1551385850_1230_28022019_872x523.png  used on inp
ut line 69.
(pdftex.def)             Requested size: 245.82184pt x 147.43672pt.
 [26

 <./ppt5/1551385850_1230_28022019_872x523.png>]
<ppt1/1551384937_1215_28022019_315x653.png, id=736, 316.18124pt x 655.44875pt>
File: ppt1/1551384937_1215_28022019_315x653.png Graphic file (type png)
<use ppt1/1551384937_1215_28022019_315x653.png>
Package pdftex.def Info: ppt1/1551384937_1215_28022019_315x653.png  used on inp
ut line 71.
(pdftex.def)             Requested size: 103.86732pt x 215.31862pt.

Overfull \vbox (3.07199pt too high) detected at line 71
 []

[27

 <./ppt1/1551384937_1215_28022019_315x653.png>]
<ppt1/1551384928_1215_28022019_272x652.png, id=762, 273.02pt x 654.445pt>
File: ppt1/1551384928_1215_28022019_272x652.png Graphic file (type png)
<use ppt1/1551384928_1215_28022019_272x652.png>
Package pdftex.def Info: ppt1/1551384928_1215_28022019_272x652.png  used on inp
ut line 73.
(pdftex.def)             Requested size: 89.82608pt x 215.31842pt.
 [28

 <./ppt1/1551384928_1215_28022019_272x652.png>]
<ppt1/1551384950_1215_28022019_255x611.png, id=787, 255.95625pt x 613.29124pt>
File: ppt1/1551384950_1215_28022019_255x611.png Graphic file (type png)
<use ppt1/1551384950_1215_28022019_255x611.png>
Package pdftex.def Info: ppt1/1551384950_1215_28022019_255x611.png  used on inp
ut line 75.
(pdftex.def)             Requested size: 89.86331pt x 215.31956pt.
 [29

 <./ppt1/1551384950_1215_28022019_255x611.png>]
[30

]
<ppt6/1551385937_1232_28022019_831x305.png, id=841, 834.11626pt x 306.14375pt>
File: ppt6/1551385937_1232_28022019_831x305.png Graphic file (type png)
<use ppt6/1551385937_1232_28022019_831x305.png>
Package pdftex.def Info: ppt6/1551385937_1232_28022019_831x305.png  used on inp
ut line 81.
(pdftex.def)             Requested size: 245.83307pt x 90.22752pt.
 [31

 <./ppt6/1551385937_1232_28022019_831x305.png>]
<ppt6/1551385970_1232_28022019_876x566.png, id=869, 879.285pt x 568.1225pt>
File: ppt6/1551385970_1232_28022019_876x566.png Graphic file (type png)
<use ppt6/1551385970_1232_28022019_876x566.png>
Package pdftex.def Info: ppt6/1551385970_1232_28022019_876x566.png  used on inp
ut line 83.
(pdftex.def)             Requested size: 245.82245pt x 158.83047pt.
 [32

 <./ppt6/1551385970_1232_28022019_876x566.png>]
<ppt6/1551386002_1233_28022019_854x553.png, id=895, 857.2025pt x 555.07375pt>
File: ppt6/1551386002_1233_28022019_854x553.png Graphic file (type png)
<use ppt6/1551386002_1233_28022019_854x553.png>
Package pdftex.def Info: ppt6/1551386002_1233_28022019_854x553.png  used on inp
ut line 85.
(pdftex.def)             Requested size: 245.83559pt x 159.18861pt.
 [33

 <./ppt6/1551386002_1233_28022019_854x553.png>]
<ppt6/1551386017_1233_28022019_876x198.png, id=922, 879.285pt x 198.7425pt>
File: ppt6/1551386017_1233_28022019_876x198.png Graphic file (type png)
<use ppt6/1551386017_1233_28022019_876x198.png>
Package pdftex.def Info: ppt6/1551386017_1233_28022019_876x198.png  used on inp
ut line 87.
(pdftex.def)             Requested size: 245.82245pt x 55.5626pt.

[34

 <./ppt6/1551386017_1233_28022019_876x198.png>]
<ppt6/1551386076_1234_28022019_862x571.png, id=948, 865.2325pt x 573.14125pt>
File: ppt6/1551386076_1234_28022019_862x571.png Graphic file (type png)
<use ppt6/1551386076_1234_28022019_862x571.png>
Package pdftex.def Info: ppt6/1551386076_1234_28022019_862x571.png  used on inp
ut line 89.
(pdftex.def)             Requested size: 245.82808pt x 162.8397pt.
 [35

 <./ppt6/1551386076_1234_28022019_862x571.png>]
<ppt7/1551386173_1236_28022019_877x574.png, id=974, 880.28876pt x 576.1525pt>
File: ppt7/1551386173_1236_28022019_877x574.png Graphic file (type png)
<use ppt7/1551386173_1236_28022019_877x574.png>
Package pdftex.def Info: ppt7/1551386173_1236_28022019_877x574.png  used on inp
ut line 91.
(pdftex.def)             Requested size: 245.821pt x 160.89081pt.
 [36

 <./ppt7/1551386173_1236_28022019_877x574.png>]
<ppt7/1551386181_1236_28022019_872x541.png, id=1000, 875.27pt x 543.02875pt>
File: ppt7/1551386181_1236_28022019_872x541.png Graphic file (type png)
<use ppt7/1551386181_1236_28022019_872x541.png>
Package pdftex.def Info: ppt7/1551386181_1236_28022019_872x541.png  used on inp
ut line 93.
(pdftex.def)             Requested size: 245.82184pt x 152.51102pt.

[37

 <./ppt7/1551386181_1236_28022019_872x541.png>]
<ppt7/1551386195_1236_28022019_731x517.png, id=1028, 733.74126pt x 518.93875pt>

File: ppt7/1551386195_1236_28022019_731x517.png Graphic file (type png)
<use ppt7/1551386195_1236_28022019_731x517.png>
Package pdftex.def Info: ppt7/1551386195_1236_28022019_731x517.png  used on inp
ut line 95.
(pdftex.def)             Requested size: 245.83003pt x 173.86337pt.
 [38

 <./ppt7/1551386195_1236_28022019_731x517.png>]
<ppt7/1551386222_1237_28022019_872x565.png, id=1054, 875.27pt x 567.11874pt>
File: ppt7/1551386222_1237_28022019_872x565.png Graphic file (type png)
<use ppt7/1551386222_1237_28022019_872x565.png>
Package pdftex.def Info: ppt7/1551386222_1237_28022019_872x565.png  used on inp
ut line 97.
(pdftex.def)             Requested size: 245.82184pt x 159.27676pt.
 [39

 <./ppt7/1551386222_1237_28022019_872x565.png>]
<ppt8/1551386281_1238_28022019_824x338.png, id=1080, 827.09pt x 339.2675pt>
File: ppt8/1551386281_1238_28022019_824x338.png Graphic file (type png)
<use ppt8/1551386281_1238_28022019_824x338.png>
Package pdftex.def Info: ppt8/1551386281_1238_28022019_824x338.png  used on inp
ut line 100.
(pdftex.def)             Requested size: 245.832pt x 100.83885pt.

[40

 <./ppt8/1551386281_1238_28022019_824x338.png>]
<ppt8/1551386295_1238_28022019_314x524.png, id=1106, 315.1775pt x 525.965pt>
File: ppt8/1551386295_1238_28022019_314x524.png Graphic file (type png)
<use ppt8/1551386295_1238_28022019_314x524.png>
Package pdftex.def Info: ppt8/1551386295_1238_28022019_314x524.png  used on inp
ut line 102.
(pdftex.def)             Requested size: 129.02643pt x 215.318pt.
 [41

 <./ppt8/1551386295_1238_28022019_314x524.png>]
<ppt8/1551386303_1238_28022019_560x613.png, id=1133, 562.1pt x 615.29875pt>
File: ppt8/1551386303_1238_28022019_560x613.png Graphic file (type png)
<use ppt8/1551386303_1238_28022019_560x613.png>
Package pdftex.def Info: ppt8/1551386303_1238_28022019_560x613.png  used on inp
ut line 104.
(pdftex.def)             Requested size: 196.69505pt x 215.31084pt.
 [42

 <./ppt8/1551386303_1238_28022019_560x613.png>]
<ppt8/1551386312_1238_28022019_580x455.png, id=1159, 582.175pt x 456.70625pt>
File: ppt8/1551386312_1238_28022019_580x455.png Graphic file (type png)
<use ppt8/1551386312_1238_28022019_580x455.png>
Package pdftex.def Info: ppt8/1551386312_1238_28022019_580x455.png  used on inp
ut line 106.
(pdftex.def)             Requested size: 245.82655pt x 192.84668pt.

[43

 <./ppt8/1551386312_1238_28022019_580x455.png>]
<ppt8/1551386326_1238_28022019_621x649.png, id=1186, 623.32875pt x 651.43375pt>

File: ppt8/1551386326_1238_28022019_621x649.png Graphic file (type png)
<use ppt8/1551386326_1238_28022019_621x649.png>
Package pdftex.def Info: ppt8/1551386326_1238_28022019_621x649.png  used on inp
ut line 108.
(pdftex.def)             Requested size: 206.0225pt x 215.31175pt.
 [44

 <./ppt8/1551386326_1238_28022019_621x649.png>]
<ppt8/1551386336_1238_28022019_878x419.png, id=1212, 881.2925pt x 420.57124pt>
File: ppt8/1551386336_1238_28022019_878x419.png Graphic file (type png)
<use ppt8/1551386336_1238_28022019_878x419.png>
Package pdftex.def Info: ppt8/1551386336_1238_28022019_878x419.png  used on inp
ut line 110.
(pdftex.def)             Requested size: 245.83234pt x 117.31635pt.
 [45

 <./ppt8/1551386336_1238_28022019_878x419.png>]
<ppt8/1551386356_1239_28022019_624x587.png, id=1239, 626.34pt x 589.20125pt>
File: ppt8/1551386356_1239_28022019_624x587.png Graphic file (type png)
<use ppt8/1551386356_1239_28022019_624x587.png>
Package pdftex.def Info: ppt8/1551386356_1239_28022019_624x587.png  used on inp
ut line 112.
(pdftex.def)             Requested size: 228.89413pt x 215.32188pt.

[46

 <./ppt8/1551386356_1239_28022019_624x587.png>]
<ppt8/1551386366_1239_28022019_598x574.png, id=1265, 600.2425pt x 576.1525pt>
File: ppt8/1551386366_1239_28022019_598x574.png Graphic file (type png)
<use ppt8/1551386366_1239_28022019_598x574.png>
Package pdftex.def Info: ppt8/1551386366_1239_28022019_598x574.png  used on inp
ut line 114.
(pdftex.def)             Requested size: 224.32103pt x 215.31818pt.
 [47

 <./ppt8/1551386366_1239_28022019_598x574.png>]
<ppt8/1551386380_1239_28022019_425x603.png, id=1291, 426.59375pt x 605.26125pt>

File: ppt8/1551386380_1239_28022019_425x603.png Graphic file (type png)
<use ppt8/1551386380_1239_28022019_425x603.png>
Package pdftex.def Info: ppt8/1551386380_1239_28022019_425x603.png  used on inp
ut line 116.
(pdftex.def)             Requested size: 151.75754pt x 215.31715pt.
 [48

 <./ppt8/1551386380_1239_28022019_425x603.png>]
<ppt8/1551386390_1239_28022019_449x649.png, id=1317, 450.68375pt x 651.43375pt>

File: ppt8/1551386390_1239_28022019_449x649.png Graphic file (type png)
<use ppt8/1551386390_1239_28022019_449x649.png>
Package pdftex.def Info: ppt8/1551386390_1239_28022019_449x649.png  used on inp
ut line 118.
(pdftex.def)             Requested size: 148.9599pt x 215.31175pt.

[49

 <./ppt8/1551386390_1239_28022019_449x649.png>]
<ppt8/1551386397_1239_28022019_420x651.png, id=1345, 421.575pt x 653.44125pt>
File: ppt8/1551386397_1239_28022019_420x651.png Graphic file (type png)
<use ppt8/1551386397_1239_28022019_420x651.png>
Package pdftex.def Info: ppt8/1551386397_1239_28022019_420x651.png  used on inp
ut line 120.
(pdftex.def)             Requested size: 138.91432pt x 215.31721pt.
 [50

 <./ppt8/1551386397_1239_28022019_420x651.png>]
<ppt9/1551557883_1218_02032019_382x548.png, id=1371, 383.4325pt x 550.055pt>
File: ppt9/1551557883_1218_02032019_382x548.png Graphic file (type png)
<use ppt9/1551557883_1218_02032019_382x548.png>
Package pdftex.def Info: ppt9/1551557883_1218_02032019_382x548.png  used on inp
ut line 123.
(pdftex.def)             Requested size: 150.09389pt x 215.31793pt.
 [51

 <./ppt9/1551557883_1218_02032019_382x548.png>]
<ppt9/1551557893_1218_02032019_309x655.png, id=1397, 310.15875pt x 657.45625pt>

File: ppt9/1551557893_1218_02032019_309x655.png Graphic file (type png)
<use ppt9/1551557893_1218_02032019_309x655.png>
Package pdftex.def Info: ppt9/1551557893_1218_02032019_309x655.png  used on inp
ut line 125.
(pdftex.def)             Requested size: 101.57654pt x 215.316pt.

[52

 <./ppt9/1551557893_1218_02032019_309x655.png>]
<ppt9/1551557900_1218_02032019_364x657.png, id=1423, 365.365pt x 659.46375pt>
File: ppt9/1551557900_1218_02032019_364x657.png Graphic file (type png)
<use ppt9/1551557900_1218_02032019_364x657.png>
Package pdftex.def Info: ppt9/1551557900_1218_02032019_364x657.png  used on inp
ut line 127.
(pdftex.def)             Requested size: 119.29414pt x 215.31937pt.
 [53

 <./ppt9/1551557900_1218_02032019_364x657.png>]
<ppt9/1551557918_1218_02032019_365x655.png, id=1449, 366.36874pt x 657.45625pt>

File: ppt9/1551557918_1218_02032019_365x655.png Graphic file (type png)
<use ppt9/1551557918_1218_02032019_365x655.png>
Package pdftex.def Info: ppt9/1551557918_1218_02032019_365x655.png  used on inp
ut line 129.
(pdftex.def)             Requested size: 119.98524pt x 215.316pt.

Overfull \vbox (1.81937pt too high) detected at line 129
 []

[54

 <./ppt9/1551557918_1218_02032019_365x655.png>]
<ppt9/1551557934_1218_02032019_365x655.png, id=1476, 366.36874pt x 657.45625pt>

File: ppt9/1551557934_1218_02032019_365x655.png Graphic file (type png)
<use ppt9/1551557934_1218_02032019_365x655.png>
Package pdftex.def Info: ppt9/1551557934_1218_02032019_365x655.png  used on inp
ut line 131.
(pdftex.def)             Requested size: 119.98524pt x 215.316pt.
 [55

 <./ppt9/1551557934_1218_02032019_365x655.png>]
<ppt9/1551557955_1219_02032019_434x650.png, id=1503, 435.6275pt x 652.4375pt>
File: ppt9/1551557955_1219_02032019_434x650.png Graphic file (type png)
<use ppt9/1551557955_1219_02032019_434x650.png>
Package pdftex.def Info: ppt9/1551557955_1219_02032019_434x650.png  used on inp
ut line 133.
(pdftex.def)             Requested size: 143.76416pt x 215.31499pt.
 [56

 <./ppt9/1551557955_1219_02032019_434x650.png>]
<ppt9/1551557974_1219_02032019_487x643.png, id=1529, 488.82625pt x 645.41125pt>

File: ppt9/1551557974_1219_02032019_487x643.png Graphic file (type png)
<use ppt9/1551557974_1219_02032019_487x643.png>
Package pdftex.def Info: ppt9/1551557974_1219_02032019_487x643.png  used on inp
ut line 134.
(pdftex.def)             Requested size: 163.07344pt x 215.31053pt.

[57

 <./ppt9/1551557974_1219_02032019_487x643.png>]
<ppt9/1551557984_1219_02032019_235x658.png, id=1554, 235.88126pt x 660.4675pt>
File: ppt9/1551557984_1219_02032019_235x658.png Graphic file (type png)
<use ppt9/1551557984_1219_02032019_235x658.png>
Package pdftex.def Info: ppt9/1551557984_1219_02032019_235x658.png  used on inp
ut line 136.
(pdftex.def)             Requested size: 76.89804pt x 215.31453pt.
 [58

 <./ppt9/1551557984_1219_02032019_235x658.png>] [59

]
<ppt10/1551558037_1220_02032019_829x609.png, id=1608, 832.10875pt x 611.28375pt
>
File: ppt10/1551558037_1220_02032019_829x609.png Graphic file (type png)
<use ppt10/1551558037_1220_02032019_829x609.png>
Package pdftex.def Info: ppt10/1551558037_1220_02032019_829x609.png  used on in
put line 141.
(pdftex.def)             Requested size: 245.82547pt x 180.5883pt.
 [60

 <./ppt10/1551558037_1220_02032019_829x609.png>]
<ppt10/1551558046_1220_02032019_744x485.png, id=1635, 746.79pt x 486.81876pt>
File: ppt10/1551558046_1220_02032019_744x485.png Graphic file (type png)
<use ppt10/1551558046_1220_02032019_744x485.png>
Package pdftex.def Info: ppt10/1551558046_1220_02032019_744x485.png  used on in
put line 143.
(pdftex.def)             Requested size: 245.82613pt x 160.24956pt.
[61

 <./ppt10/1551558046_1220_02032019_744x485.png>]
<ppt10/1551558054_1220_02032019_876x193.png, id=1662, 879.285pt x 193.72375pt>
File: ppt10/1551558054_1220_02032019_876x193.png Graphic file (type png)
<use ppt10/1551558054_1220_02032019_876x193.png>
Package pdftex.def Info: ppt10/1551558054_1220_02032019_876x193.png  used on in
put line 145.
(pdftex.def)             Requested size: 245.82245pt x 54.1595pt.
 [62

 <./ppt10/1551558054_1220_02032019_876x193.png>]
<ppt10/1551558064_1221_02032019_873x319.png, id=1689, 876.27374pt x 320.19624pt
>
File: ppt10/1551558064_1221_02032019_873x319.png Graphic file (type png)
<use ppt10/1551558064_1221_02032019_873x319.png>
Package pdftex.def Info: ppt10/1551558064_1221_02032019_873x319.png  used on in
put line 147.
(pdftex.def)             Requested size: 245.82295pt x 89.82533pt.
 [63

 <./ppt10/1551558064_1221_02032019_873x319.png>]
<ppt10/1551558077_1221_02032019_873x648.png, id=1715, 876.27374pt x 650.43pt>
File: ppt10/1551558077_1221_02032019_873x648.png Graphic file (type png)
<use ppt10/1551558077_1221_02032019_873x648.png>
Package pdftex.def Info: ppt10/1551558077_1221_02032019_873x648.png  used on in
put line 149.
(pdftex.def)             Requested size: 245.82295pt x 182.46652pt.

[64

 <./ppt10/1551558077_1221_02032019_873x648.png>]
<ppt10/1551558104_1221_02032019_707x502.png, id=1741, 709.65125pt x 503.8825pt>

File: ppt10/1551558104_1221_02032019_707x502.png Graphic file (type png)
<use ppt10/1551558104_1221_02032019_707x502.png>
Package pdftex.def Info: ppt10/1551558104_1221_02032019_707x502.png  used on in
put line 151.
(pdftex.def)             Requested size: 245.82616pt x 174.547pt.
 [65

 <./ppt10/1551558104_1221_02032019_707x502.png>]
<ppt10/1551558128_1222_02032019_381x578.png, id=1767, 382.42876pt x 580.1675pt>

File: ppt10/1551558128_1222_02032019_381x578.png Graphic file (type png)
<use ppt10/1551558128_1222_02032019_381x578.png>
Package pdftex.def Info: ppt10/1551558128_1222_02032019_381x578.png  used on in
put line 153.
(pdftex.def)             Requested size: 141.92824pt x 215.31369pt.
 [66

 <./ppt10/1551558128_1222_02032019_381x578.png>]
<ppt10/1551558138_1222_02032019_871x547.png, id=1794, 874.26625pt x 549.05125pt
>
File: ppt10/1551558138_1222_02032019_871x547.png Graphic file (type png)
<use ppt10/1551558138_1222_02032019_871x547.png>
Package pdftex.def Info: ppt10/1551558138_1222_02032019_871x547.png  used on in
put line 155.
(pdftex.def)             Requested size: 245.83342pt x 154.38676pt.

[67

 <./ppt10/1551558138_1222_02032019_871x547.png>]
<ppt10/1551558147_1222_02032019_801x489.png, id=1821, 804.00375pt x 490.83376pt
>
File: ppt10/1551558147_1222_02032019_801x489.png Graphic file (type png)
<use ppt10/1551558147_1222_02032019_801x489.png>
Package pdftex.def Info: ppt10/1551558147_1222_02032019_801x489.png  used on in
put line 157.
(pdftex.def)             Requested size: 245.82806pt x 150.0748pt.
 [68

 <./ppt10/1551558147_1222_02032019_801x489.png>]
<ppt10/1551558154_1222_02032019_413x620.png, id=1847, 414.54875pt x 622.325pt>
File: ppt10/1551558154_1222_02032019_413x620.png Graphic file (type png)
<use ppt10/1551558154_1222_02032019_413x620.png>
Package pdftex.def Info: ppt10/1551558154_1222_02032019_413x620.png  used on in
put line 159.
(pdftex.def)             Requested size: 143.43062pt x 215.31958pt.
 [69

 <./ppt10/1551558154_1222_02032019_413x620.png>]
<ppt10/1551558171_1222_02032019_500x642.png, id=1873, 501.875pt x 644.4075pt>
File: ppt10/1551558171_1222_02032019_500x642.png Graphic file (type png)
<use ppt10/1551558171_1222_02032019_500x642.png>
Package pdftex.def Info: ppt10/1551558171_1222_02032019_500x642.png  used on in
put line 161.
(pdftex.def)             Requested size: 167.69456pt x 215.31984pt.

[70

 <./ppt10/1551558171_1222_02032019_500x642.png>]
<ppt10/1551558185_1223_02032019_837x406.png, id=1900, 840.13875pt x 407.5225pt>

File: ppt10/1551558185_1223_02032019_837x406.png Graphic file (type png)
<use ppt10/1551558185_1223_02032019_837x406.png>
Package pdftex.def Info: ppt10/1551558185_1223_02032019_837x406.png  used on in
put line 163.
(pdftex.def)             Requested size: 245.82613pt x 119.24182pt.
 [71

 <./ppt10/1551558185_1223_02032019_837x406.png>]
<ppt10/1551558204_1223_02032019_830x478.png, id=1926, 833.1125pt x 479.7925pt>
File: ppt10/1551558204_1223_02032019_830x478.png Graphic file (type png)
<use ppt10/1551558204_1223_02032019_830x478.png>
Package pdftex.def Info: ppt10/1551558204_1223_02032019_830x478.png  used on in
put line 165.
(pdftex.def)             Requested size: 245.82962pt x 141.57416pt.
 [72

 <./ppt10/1551558204_1223_02032019_830x478.png>]
<ppt10/1551558219_1223_02032019_630x448.png, id=1952, 632.3625pt x 449.68pt>
File: ppt10/1551558219_1223_02032019_630x448.png Graphic file (type png)
<use ppt10/1551558219_1223_02032019_630x448.png>
Package pdftex.def Info: ppt10/1551558219_1223_02032019_630x448.png  used on in
put line 167.
(pdftex.def)             Requested size: 245.82916pt x 174.81184pt.

[73

 <./ppt10/1551558219_1223_02032019_630x448.png>]
<ppt10/1551558229_1223_02032019_719x476.png, id=1979, 721.69624pt x 477.785pt>
File: ppt10/1551558229_1223_02032019_719x476.png Graphic file (type png)
<use ppt10/1551558229_1223_02032019_719x476.png>
Package pdftex.def Info: ppt10/1551558229_1223_02032019_719x476.png  used on in
put line 168.
(pdftex.def)             Requested size: 245.82498pt x 162.74365pt.
 [74

 <./ppt10/1551558229_1223_02032019_719x476.png>]
<ppt10/1551558243_1224_02032019_502x645.png, id=2006, 503.8825pt x 647.41875pt>

File: ppt10/1551558243_1224_02032019_502x645.png Graphic file (type png)
<use ppt10/1551558243_1224_02032019_502x645.png>
Package pdftex.def Info: ppt10/1551558243_1224_02032019_502x645.png  used on in
put line 170.
(pdftex.def)             Requested size: 167.58112pt x 215.31836pt.
 [75

 <./ppt10/1551558243_1224_02032019_502x645.png>]
<ppt10/1551558266_1224_02032019_475x644.png, id=2032, 476.78125pt x 646.415pt>
File: ppt10/1551558266_1224_02032019_475x644.png Graphic file (type png)
<use ppt10/1551558266_1224_02032019_475x644.png>
Package pdftex.def Info: ppt10/1551558266_1224_02032019_475x644.png  used on in
put line 172.
(pdftex.def)             Requested size: 158.81514pt x 215.31989pt.

[76

 <./ppt10/1551558266_1224_02032019_475x644.png>]
<ppt10/1551558274_1224_02032019_625x649.png, id=2057, 627.34375pt x 651.43375pt
>
File: ppt10/1551558274_1224_02032019_625x649.png Graphic file (type png)
<use ppt10/1551558274_1224_02032019_625x649.png>
Package pdftex.def Info: ppt10/1551558274_1224_02032019_625x649.png  used on in
put line 174.
(pdftex.def)             Requested size: 207.34953pt x 215.31175pt.
 [77

 <./ppt10/1551558274_1224_02032019_625x649.png>] [78

]
<ppt11/1551558376_1226_02032019_428x641.png, id=2111, 429.605pt x 643.40375pt>
File: ppt11/1551558376_1226_02032019_428x641.png Graphic file (type png)
<use ppt11/1551558376_1226_02032019_428x641.png>
Package pdftex.def Info: ppt11/1551558376_1226_02032019_428x641.png  used on in
put line 180.
(pdftex.def)             Requested size: 143.76942pt x 215.31824pt.

Overfull \vbox (1.82161pt too high) detected at line 180
 []

[79

 <./ppt11/1551558376_1226_02032019_428x641.png>]
<ppt11/1551558393_1226_02032019_450x612.png, id=2139, 451.6875pt x 614.295pt>
File: ppt11/1551558393_1226_02032019_450x612.png Graphic file (type png)
<use ppt11/1551558393_1226_02032019_450x612.png>
Package pdftex.def Info: ppt11/1551558393_1226_02032019_450x612.png  used on in
put line 182.
(pdftex.def)             Requested size: 158.32042pt x 215.31578pt.
 [80

 <./ppt11/1551558393_1226_02032019_450x612.png>]
<ppt11/1551558399_1226_02032019_422x636.png, id=2165, 423.5825pt x 638.385pt>
File: ppt11/1551558399_1226_02032019_422x636.png Graphic file (type png)
<use ppt11/1551558399_1226_02032019_422x636.png>
Package pdftex.def Info: ppt11/1551558399_1226_02032019_422x636.png  used on in
put line 184.
(pdftex.def)             Requested size: 142.86566pt x 215.31413pt.
 [81

 <./ppt11/1551558399_1226_02032019_422x636.png>]
<ppt11/1551558414_1226_02032019_870x178.png, id=2191, 873.2625pt x 178.6675pt>
File: ppt11/1551558414_1226_02032019_870x178.png Graphic file (type png)
<use ppt11/1551558414_1226_02032019_870x178.png>
Package pdftex.def Info: ppt11/1551558414_1226_02032019_870x178.png  used on in
put line 186.
(pdftex.def)             Requested size: 245.831pt x 50.29645pt.

[82

 <./ppt11/1551558414_1226_02032019_870x178.png>]
<ppt11/1551558430_1227_02032019_478x638.png, id=2218, 479.7925pt x 640.3925pt>
File: ppt11/1551558430_1227_02032019_478x638.png Graphic file (type png)
<use ppt11/1551558430_1227_02032019_478x638.png>
Package pdftex.def Info: ppt11/1551558430_1227_02032019_478x638.png  used on in
put line 188.
(pdftex.def)             Requested size: 161.31898pt x 215.31699pt.
 [83

 <./ppt11/1551558430_1227_02032019_478x638.png>]
<ppt11/1551558471_1227_02032019_317x642.png, id=2244, 318.18875pt x 644.4075pt>

File: ppt11/1551558471_1227_02032019_317x642.png Graphic file (type png)
<use ppt11/1551558471_1227_02032019_317x642.png>
Package pdftex.def Info: ppt11/1551558471_1227_02032019_317x642.png  used on in
put line 190.
(pdftex.def)             Requested size: 106.31834pt x 215.31984pt.
 [84

 <./ppt11/1551558471_1227_02032019_317x642.png>]
<ppt11/1551558485_1228_02032019_439x650.png, id=2270, 440.64626pt x 652.4375pt>

File: ppt11/1551558485_1228_02032019_439x650.png Graphic file (type png)
<use ppt11/1551558485_1228_02032019_439x650.png>
Package pdftex.def Info: ppt11/1551558485_1228_02032019_439x650.png  used on in
put line 192.
(pdftex.def)             Requested size: 145.42043pt x 215.31499pt.

[85

 <./ppt11/1551558485_1228_02032019_439x650.png>]
<ppt11/1551558495_1228_02032019_425x467.png, id=2297, 426.59375pt x 468.75125pt
>
File: ppt11/1551558495_1228_02032019_425x467.png Graphic file (type png)
<use ppt11/1551558495_1228_02032019_425x467.png>
Package pdftex.def Info: ppt11/1551558495_1228_02032019_425x467.png  used on in
put line 193.
(pdftex.def)             Requested size: 195.94908pt x 215.31348pt.
 [86

 <./ppt11/1551558495_1228_02032019_425x467.png>]
<ppt11/1551558511_1228_02032019_236x658.png, id=2323, 236.885pt x 660.4675pt>
File: ppt11/1551558511_1228_02032019_236x658.png Graphic file (type png)
<use ppt11/1551558511_1228_02032019_236x658.png>
Package pdftex.def Info: ppt11/1551558511_1228_02032019_236x658.png  used on in
put line 195.
(pdftex.def)             Requested size: 77.22527pt x 215.31453pt.
 [87

 <./ppt11/1551558511_1228_02032019_236x658.png>]
<ppt11/1551558528_1228_02032019_457x654.png, id=2350, 458.71375pt x 656.4525pt>

File: ppt11/1551558528_1228_02032019_457x654.png Graphic file (type png)
<use ppt11/1551558528_1228_02032019_457x654.png>
Package pdftex.def Info: ppt11/1551558528_1228_02032019_457x654.png  used on in
put line 197.
(pdftex.def)             Requested size: 150.45908pt x 215.31781pt.

[88

 <./ppt11/1551558528_1228_02032019_457x654.png>]
<ppt11/1551558547_1229_02032019_322x646.png, id=2375, 323.2075pt x 648.4225pt>
File: ppt11/1551558547_1229_02032019_322x646.png Graphic file (type png)
<use ppt11/1551558547_1229_02032019_322x646.png>
Package pdftex.def Info: ppt11/1551558547_1229_02032019_322x646.png  used on in
put line 199.
(pdftex.def)             Requested size: 107.32458pt x 215.31578pt.
 [89

 <./ppt11/1551558547_1229_02032019_322x646.png>] [90

]
<ppt12/1551558598_1229_02032019_438x651.png, id=2426, 439.6425pt x 653.44125pt>

File: ppt12/1551558598_1229_02032019_438x651.png Graphic file (type png)
<use ppt12/1551558598_1229_02032019_438x651.png>
Package pdftex.def Info: ppt12/1551558598_1229_02032019_438x651.png  used on in
put line 205.
(pdftex.def)             Requested size: 144.8678pt x 215.31721pt.
 [91

 <./ppt12/1551558598_1229_02032019_438x651.png>]
<ppt12/1551654884_1514_03032019_740x485.png, id=2455, 742.775pt x 486.81876pt>
File: ppt12/1551654884_1514_03032019_740x485.png Graphic file (type png)
<use ppt12/1551654884_1514_03032019_740x485.png>
Package pdftex.def Info: ppt12/1551654884_1514_03032019_740x485.png  used on in
put line 207.
(pdftex.def)             Requested size: 245.83054pt x 161.11867pt.
 [92

 <./ppt12/1551654884_1514_03032019_740x485.png>]
<ppt13/1551558687_1231_02032019_475x470.png, id=2481, 476.78125pt x 471.7625pt>

File: ppt13/1551558687_1231_02032019_475x470.png Graphic file (type png)
<use ppt13/1551558687_1231_02032019_475x470.png>
Package pdftex.def Info: ppt13/1551558687_1231_02032019_475x470.png  used on in
put line 210.
(pdftex.def)             Requested size: 217.61238pt x 215.32173pt.
 [93

 <./ppt13/1551558687_1231_02032019_475x470.png>]
<ppt13/1551558718_1231_02032019_738x233.png, id=2507, 740.7675pt x 233.87375pt>

File: ppt13/1551558718_1231_02032019_738x233.png Graphic file (type png)
<use ppt13/1551558718_1231_02032019_738x233.png>
Package pdftex.def Info: ppt13/1551558718_1231_02032019_738x233.png  used on in
put line 212.
(pdftex.def)             Requested size: 245.82172pt x 77.61037pt.
 [94

 <./ppt13/1551558718_1231_02032019_738x233.png>]
<ppt13/1551558727_1232_02032019_865x376.png, id=2533, 868.24374pt x 377.41pt>
File: ppt13/1551558727_1232_02032019_865x376.png Graphic file (type png)
<use ppt13/1551558727_1232_02032019_865x376.png>
Package pdftex.def Info: ppt13/1551558727_1232_02032019_865x376.png  used on in
put line 214.
(pdftex.def)             Requested size: 245.8225pt x 106.85463pt.
[95

 <./ppt13/1551558727_1232_02032019_865x376.png>]
<ppt13/1551558739_1232_02032019_732x265.png, id=2560, 734.745pt x 265.99374pt>
File: ppt13/1551558739_1232_02032019_732x265.png Graphic file (type png)
<use ppt13/1551558739_1232_02032019_732x265.png>
Package pdftex.def Info: ppt13/1551558739_1232_02032019_732x265.png  used on in
put line 216.
(pdftex.def)             Requested size: 245.82999pt x 88.99582pt.
 [96

 <./ppt13/1551558739_1232_02032019_732x265.png>]
<ppt13/1551558770_1232_02032019_785x500.png, id=2586, 787.94376pt x 501.875pt>
File: ppt13/1551558770_1232_02032019_785x500.png Graphic file (type png)
<use ppt13/1551558770_1232_02032019_785x500.png>
Package pdftex.def Info: ppt13/1551558770_1232_02032019_785x500.png  used on in
put line 218.
(pdftex.def)             Requested size: 245.82303pt x 156.57516pt.
 [97

 <./ppt13/1551558770_1232_02032019_785x500.png>]
<ppt13/1551558785_1233_02032019_785x424.png, id=2613, 787.94376pt x 425.59pt>
File: ppt13/1551558785_1233_02032019_785x424.png Graphic file (type png)
<use ppt13/1551558785_1233_02032019_785x424.png>
Package pdftex.def Info: ppt13/1551558785_1233_02032019_785x424.png  used on in
put line 220.
(pdftex.def)             Requested size: 245.82303pt x 132.77574pt.

[98

 <./ppt13/1551558785_1233_02032019_785x424.png>]
<ppt13/1551558809_1233_02032019_463x618.png, id=2639, 464.73625pt x 620.3175pt>

File: ppt13/1551558809_1233_02032019_463x618.png Graphic file (type png)
<use ppt13/1551558809_1233_02032019_463x618.png>
Package pdftex.def Info: ppt13/1551558809_1233_02032019_463x618.png  used on in
put line 222.
(pdftex.def)             Requested size: 161.31277pt x 215.31598pt.
 [99

 <./ppt13/1551558809_1233_02032019_463x618.png>]
<ppt13/1551558829_1233_02032019_732x473.png, id=2665, 734.745pt x 474.77374pt>
File: ppt13/1551558829_1233_02032019_732x473.png Graphic file (type png)
<use ppt13/1551558829_1233_02032019_732x473.png>
Package pdftex.def Info: ppt13/1551558829_1233_02032019_732x473.png  used on in
put line 224.
(pdftex.def)             Requested size: 245.82999pt x 158.84915pt.
 [100

 <./ppt13/1551558829_1233_02032019_732x473.png>]
\tf@nav=\write6
\openout6 = `main.nav'.

\tf@toc=\write7
\openout7 = `main.toc'.

\tf@snm=\write8
\openout8 = `main.snm'.

Package atveryend Info: Empty hook `BeforeClearDocument' on input line 247.
Package atveryend Info: Empty hook `AfterLastShipout' on input line 247.

(./main.aux)
Package atveryend Info: Executing hook `AtVeryEndDocument' on input line 247.
Package atveryend Info: Executing hook `AtEndAfterFileList' on input line 247.
Package rerunfilecheck Info: File `main.out' has not changed.
(rerunfilecheck)             Checksum: 49D83E88FC8C76E783E026F2B221B5D4;441.
 ) 
Here is how much of TeX's memory you used:
 17515 strings out of 494847
 338686 string characters out of 6179080
 383883 words of memory out of 5000000
 20179 multiletter control sequences out of 15000+600000
 5757 words of font info for 21 fonts, out of 8000000 for 9000
 59 hyphenation exceptions out of 8191
 48i,14n,51p,771b,551s stack positions out of 5000i,500n,10000p,200000b,80000s
</usr/share/texlive/texmf-dist/fonts/type1/public/amsfonts/cm/cmss10.pfb></us
r/share/texlive/texmf-dist/fonts/type1/public/amsfonts/cm/cmss12.pfb>
Output written on main.pdf (100 pages, 53632986 bytes).
PDF statistics:
 2748 PDF objects out of 2984 (max. 8388607)
 2520 compressed objects within 26 object streams
 215 named destinations out of 1000 (max. 500000)
 559 words of extra memory for PDF output out of 10000 (max. 10000000)

